============================= test session starts =============================
platform win32 -- Python 3.11.4, pytest-8.4.1, pluggy-1.6.0
rootdir: D:\workspace_projects_001\dermasync-api
configfile: pytest.ini
plugins: anyio-4.9.0, langsmith-0.4.5, asyncio-1.0.0, cov-6.2.1, html-4.1.1, json-report-1.5.0, logger-1.1.1, metadata-3.1.1, mock-3.15.1
asyncio: mode=Mode.STRICT, asyncio_default_fixture_loop_scope=None, asyncio_default_test_loop_scope=function

----------------------------- live log collection -----------------------------
2026-01-27 11:57:24 [INFO] Current Python path: ['D:\\workspace_projects_001\\dermasync-api', 'D:\\workspace_projects_001\\dermasync-api\\tests\\services', 'D:\\workspace_projects_001\\dermasync-api\\tests\\services\\readmodels', 'D:\\workspace_projects_001\\dermasync-api\\tests\\services\\effects', 'D:\\workspace_projects_001\\dermasync-api\\tests\\routes', 'D:\\workspace_projects_001\\dermasync-api', 'D:\\workspace_projects_001\\dermasync-api\\tests\\integration', 'D:\\workspace_projects_001\\dermasync-api\\tests\\infra\\retry', 'D:\\workspace_projects_001\\dermasync-api\\tests\\domain', 'D:\\workspace_projects_001\\dermasync-api\\tests\\domain\\ux_effects', 'D:\\workspace_projects_001\\dermasync-api\\tests\\domain\\relato', 'D:\\workspace_projects_001\\dermasync-api\\tests\\domain', 'D:\\workspace_projects_001\\dermasync-api\\tests\\domain\\effects', 'D:\\workspace_projects_001\\dermasync-api\\tests\\core\\projections', 'D:\\workspace_projects_001\\dermasync-api\\tests\\auth', 'D:\\workspace_projects_001\\dermasync-api\\tests\\application', 'D:\\workspace_projects_001\\dermasync-api', 'D:\\workspace_projects_001\\dermasync-api\\venv\\Scripts\\pytest.exe', 'C:\\Python311\\python311.zip', 'C:\\Python311\\DLLs', 'C:\\Python311\\Lib', 'C:\\Python311', 'D:\\workspace_projects_001\\dermasync-api\\venv', 'D:\\workspace_projects_001\\dermasync-api\\venv\\Lib\\site-packages', 'D:\\workspace_projects_001\\dermasync-api\\app\\pipeline']
collected 175 items

tests/application/test_relato_progress_service.py::test_service_returns_progress_with_no_effects PASSED [  0%]
tests/application/test_relato_progress_service.py::test_service_passes_effects_to_domain_correctly PASSED [  1%]
tests/application/test_relato_progress_service.py::test_service_calls_repository_with_correct_relato_id PASSED [  1%]
tests/application/test_relato_progress_service.py::test_service_propagates_repository_errors PASSED [  2%]
tests/application/test_relato_progress_stabilization_service.py::test_job_returns_snapshot_if_stable_exists PASSED [  2%]
tests/application/test_relato_progress_stabilization_service.py::test_job_persists_snapshot_when_progress_is_stable FAILED [  3%]
tests/auth/test_auth_cenarios.py::test_get_me_usuario_nao_encontrado 
-------------------------------- live log call --------------------------------
2026-01-27 11:57:26 [INFO] Auth token payload preview: sub=7a9d65cb-8434-4fae-822f-bf111cf83020 role=usuario_logado type=access
2026-01-27 11:57:26 [WARNING] auth_service.get_user_from_db levantou HTTPException: Usu├írio n├úo encontrado. (status=401)
2026-01-27 11:57:26 [INFO] AUTH REJECT: usu├írio n├úo encontrado (sub=7a9d65cb-8434-4fae-822f-bf111cf83020). (service_used=True)
2026-01-27 11:57:26 [INFO] GET /auth/me 127.0.0.1 -> 401 (112.5ms) body_len=0
2026-01-27 11:57:26 [INFO] HTTP Request: GET http://test/auth/me "HTTP/1.1 401 Unauthorized"
PASSED                                                                   [  4%]
tests/auth/test_auth_cenarios.py::test_get_me_usuario_desativado_apos_login 
-------------------------------- live log call --------------------------------
2026-01-27 11:57:26 [INFO] Auth token payload preview: sub=c0bd67af-1a82-4977-b19a-e892c01a494e role=usuario_logado type=access
2026-01-27 11:57:26 [INFO] AUTH FORBID: usu├írio inativo user=c0bd67af-1a82-4977-b19a-e892c01a494e
2026-01-27 11:57:26 [INFO] GET /auth/me 127.0.0.1 -> 403 (21.7ms) body_len=0
2026-01-27 11:57:26 [INFO] HTTP Request: GET http://test/auth/me "HTTP/1.1 403 Forbidden"
PASSED                                                                   [  4%]
tests/auth/test_auth_cenarios.py::test_external_login_com_usuario_inativo 
-------------------------------- live log call --------------------------------
2026-01-27 11:57:26 [INFO] POST /auth/external-login 127.0.0.1 -> 403 (39.3ms) body_len=40
2026-01-27 11:57:26 [INFO] HTTP Request: POST http://test/auth/external-login "HTTP/1.1 403 Forbidden"
PASSED                                                                   [  5%]
tests/auth/test_auth_cenarios.py::test_role_mismatch_entre_token_e_db 
-------------------------------- live log call --------------------------------
2026-01-27 11:57:26 [INFO] Auth token payload preview: sub=7ead94a8-97e0-44c8-b5c5-79853196df47 role=admin type=access
2026-01-27 11:57:26 [WARNING] AUTH REJECT: mismatch entre role do token (admin) e role do DB (usuario_logado) para user=7ead94a8-97e0-44c8-b5c5-79853196df47
2026-01-27 11:57:26 [INFO] GET /auth/me 127.0.0.1 -> 401 (20.8ms) body_len=0
2026-01-27 11:57:26 [INFO] HTTP Request: GET http://test/auth/me "HTTP/1.1 401 Unauthorized"
PASSED                                                                   [  5%]
tests/auth/test_auth_cenarios.py::test_get_me_com_auth_header_invalido[None-Not authenticated] 
-------------------------------- live log call --------------------------------
2026-01-27 11:57:26 [INFO] AUTH REJECT: Authorization header ausente.
2026-01-27 11:57:26 [INFO] GET /auth/me 127.0.0.1 -> 401 (8.4ms) body_len=0
2026-01-27 11:57:26 [INFO] HTTP Request: GET http://test/auth/me "HTTP/1.1 401 Unauthorized"
PASSED                                                                   [  6%]
tests/auth/test_auth_cenarios.py::test_get_me_com_auth_header_invalido[Token my-invalid-token-Not authenticated] 
-------------------------------- live log call --------------------------------
2026-01-27 11:57:26 [INFO] AUTH REJECT: Authorization header presente mas esquema n├úo ├® Bearer (esquema=token).
2026-01-27 11:57:26 [INFO] GET /auth/me 127.0.0.1 -> 401 (13.6ms) body_len=0
2026-01-27 11:57:26 [INFO] HTTP Request: GET http://test/auth/me "HTTP/1.1 401 Unauthorized"
PASSED                                                                   [  6%]
tests/auth/test_auth_cenarios.py::test_get_me_com_auth_header_invalido[Bearer -Token inv\xe1lido.] 
-------------------------------- live log call --------------------------------
2026-01-27 11:57:27 [INFO] AUTH REJECT: Bearer header presente mas token vazio.
2026-01-27 11:57:27 [INFO] GET /auth/me 127.0.0.1 -> 401 (16.9ms) body_len=0
2026-01-27 11:57:27 [INFO] HTTP Request: GET http://test/auth/me "HTTP/1.1 401 Unauthorized"
PASSED                                                                   [  7%]
tests/auth/test_auth_cenarios.py::test_get_me_com_auth_header_invalido[Bearer-Token inv\xe1lido.] 
-------------------------------- live log call --------------------------------
2026-01-27 11:57:27 [INFO] AUTH REJECT: Bearer header presente mas token vazio.
2026-01-27 11:57:27 [INFO] GET /auth/me 127.0.0.1 -> 401 (14.9ms) body_len=0
2026-01-27 11:57:27 [INFO] HTTP Request: GET http://test/auth/me "HTTP/1.1 401 Unauthorized"
PASSED                                                                   [  8%]
tests/auth/test_auth_flow.py::test_auth_flow_end_to_end_and_log_stdout 
-------------------------------- live log call --------------------------------
2026-01-27 11:57:27 [WARNING] (trapped) error reading bcrypt version
Traceback (most recent call last):
  File "D:\workspace_projects_001\dermasync-api\venv\Lib\site-packages\passlib\handlers\bcrypt.py", line 620, in _load_backend_mixin
    version = _bcrypt.__about__.__version__
              ^^^^^^^^^^^^^^^^^
AttributeError: module 'bcrypt' has no attribute '__about__'
2026-01-27 11:57:27 [INFO] Tentativa de login recebida para o e-mail: test+e5fa7d61@local.com
2026-01-27 11:57:28 [INFO] Token de acesso e refresh emitidos para o usu├írio: test+e5fa7d61@local.com
2026-01-27 11:57:29 [INFO] POST /auth/login testclient -> 200 (1143.0ms) body_len=58
2026-01-27 11:57:29 [INFO] HTTP Request: POST http://testserver/auth/login "HTTP/1.1 200 OK"
2026-01-27 11:57:29 [INFO] Auth token payload preview: sub=9b03415d-bf33-416c-90f5-f5fa60409811 role=usuario_logado type=access
2026-01-27 11:57:31 [WARNING] auth_service.get_user_from_db levantou HTTPException: Usu├írio n├úo encontrado. (status=401)
2026-01-27 11:57:31 [INFO] AUTH OK: usu├írio autenticado user=9b03415d-bf33-416c-90f5-f5fa60409811 role=usuario_logado (service_used=True)
2026-01-27 11:57:31 [INFO] GET /me/profile testclient -> 200 (2041.3ms) body_len=0
2026-01-27 11:57:31 [INFO] HTTP Request: GET http://testserver/me/profile "HTTP/1.1 200 OK"
PASSED                                                                   [  8%]
tests/auth/test_auth_hardening.py::test_auth_refresh_expired PASSED      [  9%]
tests/auth/test_auth_hardening.py::test_auth_refresh_reuse PASSED        [  9%]
tests/auth/test_auth_hardening.py::test_auth_revoke_all_tokens PASSED    [ 10%]
tests/auth/test_auth_logout.py::test_auth_logout_revokes_refresh_token 
-------------------------------- live log call --------------------------------
2026-01-27 11:57:34 [INFO] POST /auth/logout 127.0.0.1 -> 200 (78.9ms) body_len=106
2026-01-27 11:57:34 [INFO] HTTP Request: POST http://test/auth/logout "HTTP/1.1 200 OK"
PASSED                                                                   [ 10%]
tests/auth/test_auth_logout.py::test_auth_logout_idempotent 
-------------------------------- live log call --------------------------------
2026-01-27 11:57:34 [INFO] POST /auth/logout 127.0.0.1 -> 200 (48.6ms) body_len=106
2026-01-27 11:57:34 [INFO] HTTP Request: POST http://test/auth/logout "HTTP/1.1 200 OK"
2026-01-27 11:57:34 [INFO] POST /auth/logout 127.0.0.1 -> 200 (14.5ms) body_len=106
2026-01-27 11:57:34 [INFO] HTTP Request: POST http://test/auth/logout "HTTP/1.1 200 OK"
PASSED                                                                   [ 11%]
tests/auth/test_auth_logout.py::test_auth_logout_all_revokes_all_and_invalidates_access 
-------------------------------- live log call --------------------------------
2026-01-27 11:57:35 [INFO] POST /auth/logout-all 127.0.0.1 -> 200 (56.9ms) body_len=0
2026-01-27 11:57:35 [INFO] HTTP Request: POST http://test/auth/logout-all "HTTP/1.1 200 OK"
PASSED                                                                   [ 12%]
tests/auth/test_auth_logout.py::test_auth_logout_all_requires_auth 
-------------------------------- live log call --------------------------------
2026-01-27 11:57:35 [INFO] AUTH REJECT: Authorization header ausente.
2026-01-27 11:57:35 [INFO] POST /auth/logout-all 127.0.0.1 -> 401 (10.9ms) body_len=0
2026-01-27 11:57:35 [INFO] HTTP Request: POST http://test/auth/logout-all "HTTP/1.1 401 Unauthorized"
PASSED                                                                   [ 12%]
tests/auth/test_auth_refresh.py::test_refresh_token_sucesso 
-------------------------------- live log call --------------------------------
2026-01-27 11:57:35 [INFO] POST /auth/refresh 127.0.0.1 -> 200 (5.9ms) body_len=201
2026-01-27 11:57:35 [INFO] HTTP Request: POST http://test/auth/refresh "HTTP/1.1 200 OK"
PASSED                                                                   [ 13%]
tests/auth/test_auth_refresh.py::test_refresh_token_expirado 
-------------------------------- live log call --------------------------------
2026-01-27 11:57:35 [INFO] POST /auth/refresh 127.0.0.1 -> 401 (11.2ms) body_len=38
2026-01-27 11:57:35 [INFO] HTTP Request: POST http://test/auth/refresh "HTTP/1.1 401 Unauthorized"
PASSED                                                                   [ 13%]
tests/auth/test_auth_refresh.py::test_refresh_com_access_token 
-------------------------------- live log call --------------------------------
2026-01-27 11:57:36 [INFO] POST /auth/refresh 127.0.0.1 -> 401 (9.5ms) body_len=37
2026-01-27 11:57:36 [INFO] HTTP Request: POST http://test/auth/refresh "HTTP/1.1 401 Unauthorized"
PASSED                                                                   [ 14%]
tests/auth/test_auth_refresh.py::test_refresh_token_usuario_inativo 
-------------------------------- live log call --------------------------------
2026-01-27 11:57:36 [INFO] POST /auth/refresh 127.0.0.1 -> 403 (9.8ms) body_len=48
2026-01-27 11:57:36 [INFO] HTTP Request: POST http://test/auth/refresh "HTTP/1.1 403 Forbidden"
PASSED                                                                   [ 14%]
tests/auth/test_auth_refresh_integration.py::test_login_and_refresh PASSED [ 15%]
tests/auth/test_auth_rotas.py::test_external_login_sucesso 
-------------------------------- live log call --------------------------------
2026-01-27 11:57:36 [INFO] POST /auth/external-login 127.0.0.1 -> 200 (6.0ms) body_len=40
2026-01-27 11:57:36 [INFO] HTTP Request: POST http://test/auth/external-login "HTTP/1.1 200 OK"
PASSED                                                                   [ 16%]
tests/auth/test_auth_rotas.py::test_get_me_sem_token 
-------------------------------- live log call --------------------------------
2026-01-27 11:57:37 [INFO] AUTH REJECT: Authorization header ausente.
2026-01-27 11:57:37 [INFO] GET /auth/me 127.0.0.1 -> 401 (30.7ms) body_len=0
2026-01-27 11:57:37 [INFO] HTTP Request: GET http://test/auth/me "HTTP/1.1 401 Unauthorized"
PASSED                                                                   [ 16%]
tests/auth/test_auth_rotas.py::test_get_me_com_token 
-------------------------------- live log call --------------------------------
2026-01-27 11:57:37 [INFO] GET /auth/me 127.0.0.1 -> 200 (46.2ms) body_len=0
2026-01-27 11:57:37 [INFO] HTTP Request: GET http://test/auth/me "HTTP/1.1 200 OK"
PASSED                                                                   [ 17%]
tests/auth/test_auth_rotas.py::test_get_me_com_token_expirado 
-------------------------------- live log call --------------------------------
2026-01-27 11:57:37 [WARNING] JWT expired: Signature has expired
2026-01-27 11:57:37 [WARNING] AUTH REJECT: falha ao decodificar token: Token expirado.
2026-01-27 11:57:37 [INFO] GET /auth/me 127.0.0.1 -> 401 (11.9ms) body_len=0
2026-01-27 11:57:37 [INFO] HTTP Request: GET http://test/auth/me "HTTP/1.1 401 Unauthorized"
PASSED                                                                   [ 17%]
tests/auth/test_auth_rotas.py::test_get_me_com_token_invalido 
-------------------------------- live log call --------------------------------
2026-01-27 11:57:37 [WARNING] JWT invalid: Signature verification failed
2026-01-27 11:57:37 [WARNING] AUTH REJECT: falha ao decodificar token: Token inv├ílido.
2026-01-27 11:57:37 [INFO] GET /auth/me 127.0.0.1 -> 401 (17.1ms) body_len=0
2026-01-27 11:57:37 [INFO] HTTP Request: GET http://test/auth/me "HTTP/1.1 401 Unauthorized"
PASSED                                                                   [ 18%]
tests/auth/test_auth_rotas.py::test_get_me_com_token_role_adulterada 
-------------------------------- live log call --------------------------------
2026-01-27 11:57:37 [INFO] Auth token payload preview: sub=test_tampered_role_user role=admin type=access
2026-01-27 11:57:37 [WARNING] AUTH REJECT: mismatch entre role do token (admin) e role do DB (usuario_logado) para user=test_tampered_role_user
2026-01-27 11:57:37 [INFO] GET /auth/me 127.0.0.1 -> 401 (16.2ms) body_len=0
2026-01-27 11:57:37 [INFO] HTTP Request: GET http://test/auth/me "HTTP/1.1 401 Unauthorized"
PASSED                                                                   [ 18%]
tests/auth/test_auth_rotas.py::test_external_login_usuario_inativo 
-------------------------------- live log call --------------------------------
2026-01-27 11:57:37 [INFO] POST /auth/external-login 127.0.0.1 -> 403 (5.6ms) body_len=49
2026-01-27 11:57:37 [INFO] HTTP Request: POST http://test/auth/external-login "HTTP/1.1 403 Forbidden"
PASSED                                                                   [ 19%]
tests/auth/test_auth_rotas.py::test_external_login_sem_provider_token 
-------------------------------- live log call --------------------------------
2026-01-27 11:57:37 [INFO] POST /auth/external-login 127.0.0.1 -> 422 (40.2ms) body_len=2
2026-01-27 11:57:37 [INFO] HTTP Request: POST http://test/auth/external-login "HTTP/1.1 422 Unprocessable Entity"
PASSED                                                                   [ 20%]
tests/core/projections/test_progress_projector.py::test_progress_with_no_effects_all_pending PASSED [ 20%]
tests/core/projections/test_progress_projector.py::test_progress_step_completed PASSED [ 21%]
tests/core/projections/test_progress_projector.py::test_progress_step_failed_sets_error PASSED [ 21%]
tests/domain/effects/test_retry_ux_effects.py::test_retry_emits_retry_ux_effect PASSED [ 22%]
tests/domain/effects/test_retry_ux_effects.py::test_retry_executes_failed_effects PASSED [ 22%]
tests/domain/effects/test_retry_ux_effects.py::test_retry_endpoint_returns_202 
-------------------------------- live log call --------------------------------
2026-01-27 11:57:37 [INFO] Fetched 6 failed EffectResults for relato=relato-123
2026-01-27 11:57:37 [INFO] POST /relatos/relato-123/retry 127.0.0.1 -> 202 (124.6ms) body_len=0
2026-01-27 11:57:37 [INFO] HTTP Request: POST http://test/relatos/relato-123/retry "HTTP/1.1 202 Accepted"
PASSED                                                                   [ 23%]
tests/domain/effects/test_retry_ux_effects.py::test_retry_endpoint_returns_ux_effect 
-------------------------------- live log call --------------------------------
2026-01-27 11:57:37 [INFO] Fetched 6 failed EffectResults for relato=relato-123
2026-01-27 11:57:37 [INFO] POST /relatos/relato-123/retry 127.0.0.1 -> 202 (100.9ms) body_len=0
2026-01-27 11:57:37 [INFO] HTTP Request: POST http://test/relatos/relato-123/retry "HTTP/1.1 202 Accepted"
FAILED                                                                   [ 24%]
tests/domain/enrichment/test_enriched_metadata_v2_validator.py::test_valid_payload_passes_validation FAILED [ 24%]
tests/domain/enrichment/test_enriched_metadata_v2_validator.py::test_extra_field_fails FAILED [ 25%]
tests/domain/enrichment/test_enriched_metadata_v2_validator.py::test_invalid_tag_fails PASSED [ 25%]
tests/domain/enrichment/test_enriched_metadata_v2_validator.py::test_invalid_signal_fails PASSED [ 26%]
tests/domain/enrichment/test_enriched_metadata_v2_validator.py::test_invalid_body_region_fails PASSED [ 26%]
tests/domain/enrichment/test_enriched_metadata_v2_validator.py::test_confidence_out_of_range_fails PASSED [ 27%]
tests/domain/enrichment/test_enriched_metadata_v2_validator.py::test_summary_too_long_fails PASSED [ 28%]
tests/domain/enrichment/test_enriched_metadata_v2_validator.py::test_missing_required_field_fails PASSED [ 28%]
tests/domain/relato/test_create_relato.py::test_criar_relato_estado_inicial FAILED [ 29%]
tests/domain/relato/test_create_relato.py::test_negar_criacao_relato_existente FAILED [ 29%]
tests/domain/relato/test_create_relato.py::test_post_relatos_success_runs_domain_and_executes_effects 
-------------------------------- live log call --------------------------------
2026-01-27 11:57:38 [INFO] POST /relatos/ testclient -> 201 (21.0ms) body_len=111
2026-01-27 11:57:38 [INFO] HTTP Request: POST http://testserver/relatos/ "HTTP/1.1 201 Created"
FAILED                                                                   [ 30%]
tests/domain/relato/test_create_relato.py::test_post_relatos_admin_is_allowed_by_domain 
-------------------------------- live log call --------------------------------
2026-01-27 11:57:38 [INFO] Executando efeitos do relato | total=2
2026-01-27 11:57:38 [INFO] ADAPTER: Persistindo relato c739b07cf3fa457cb0398f8c005930e8 | owner=admin-123 status=created
2026-01-27 11:57:38 [INFO] Executando UploadImagesEffect | relato=c739b07cf3fa457cb0398f8c005930e8
2026-01-27 11:57:38 [INFO] ADAPTER: Registrando image_refs do relato c739b07cf3fa457cb0398f8c005930e8 | stages=['antes', 'durante', 'depois']
2026-01-27 11:57:39 [INFO] POST /relatos/ testclient -> 201 (685.4ms) body_len=114
2026-01-27 11:57:39 [INFO] HTTP Request: POST http://testserver/relatos/ "HTTP/1.1 201 Created"
PASSED                                                                   [ 30%]
tests/domain/relato/test_create_relato.py::test_executor_called_when_admin_creates_relato 
-------------------------------- live log call --------------------------------
2026-01-27 11:57:39 [INFO] POST /relatos/ testclient -> 201 (11.8ms) body_len=114
2026-01-27 11:57:39 [INFO] HTTP Request: POST http://testserver/relatos/ "HTTP/1.1 201 Created"
PASSED                                                                   [ 31%]
tests/domain/relato/test_create_relato.py::test_create_relato_emits_typed_effects FAILED [ 32%]
tests/domain/relato/test_create_relato.py::test_create_relato_initial_state_is_created FAILED [ 32%]
tests/domain/relato/test_create_relato_decision.py::test_create_relato_allowed_from_initial_state FAILED [ 33%]
tests/domain/relato/test_create_relato_decision.py::test_create_relato_denied_when_already_exists FAILED [ 33%]
tests/domain/relato/test_create_relato_decision.py::test_create_relato_denied_from_any_existing_state FAILED [ 34%]
tests/domain/relato/test_create_relato_decision.py::test_create_relato_effects_structure FAILED [ 34%]
tests/domain/relato/test_invalid_transitions.py::test_negar_submissao_estado_error PASSED [ 35%]
tests/domain/relato/test_invalid_transitions.py::test_negar_submissao_estado_processado PASSED [ 36%]
tests/domain/relato/test_invalid_transitions.py::test_negar_aprovacao_estado_draft FAILED [ 36%]
tests/domain/relato/test_invalid_transitions.py::test_negar_aprovacao_estado_processing PASSED [ 37%]
tests/domain/relato/test_invalid_transitions.py::test_negar_rejeicao_estado_draft FAILED [ 37%]
tests/domain/relato/test_invalid_transitions.py::test_negar_rejeicao_estado_processing PASSED [ 38%]
tests/domain/relato/test_invalid_transitions.py::test_negar_marcar_como_processado_estado_draft FAILED [ 38%]
tests/domain/relato/test_permissions.py::test_admin_pode_aprovar_relato PASSED [ 39%]
tests/domain/relato/test_permissions.py::test_colaborador_pode_aprovar_relato PASSED [ 40%]
tests/domain/relato/test_permissions.py::test_usuario_comum_nao_pode_aprovar_relato PASSED [ 40%]
tests/domain/relato/test_permissions.py::test_admin_pode_rejeitar_relato PASSED [ 41%]
tests/domain/relato/test_permissions.py::test_colaborador_pode_rejeitar_relato PASSED [ 41%]
tests/domain/relato/test_permissions.py::test_usuario_comum_nao_pode_rejeitar_relato PASSED [ 42%]
tests/domain/relato/test_permissions.py::test_admin_pode_arquivar_relato PASSED [ 42%]
tests/domain/relato/test_permissions.py::test_colaborador_pode_arquivar_relato PASSED [ 43%]
tests/domain/relato/test_permissions.py::test_usuario_comum_nao_pode_arquivar_relato PASSED [ 44%]
tests/domain/relato/test_submit_relato.py::test_submeter_relato_estado_draft FAILED [ 44%]
tests/domain/relato/test_submit_relato.py::test_negar_submissao_estado_invalido PASSED [ 45%]
tests/domain/relato/test_submit_relato.py::test_negar_submissao_estado_processado PASSED [ 45%]
tests/domain/relato/test_submit_relato.py::test_negar_submissao_estado_error PASSED [ 46%]
tests/domain/ux_effects/test_ux_effect_public_contract.py::test_ux_effect_public_contract_snapshot FAILED [ 46%]
tests/domain/ux_effects/test_ux_effects_composition.py::test_multiple_ux_effects_preserve_order_and_contract FAILED [ 47%]
tests/domain/ux_progress/test_ux_progress.py::test_progress_with_no_effects_returns_all_steps_pending PASSED [ 48%]
tests/domain/ux_progress/test_ux_progress.py::test_persist_relato_marks_first_step_done FAILED [ 48%]
tests/domain/ux_progress/test_ux_progress.py::test_upload_images_becomes_active_when_effect_exists_but_not_completed FAILED [ 49%]
tests/domain/ux_progress/test_ux_progress.py::test_upload_images_has_more_weight_in_progress FAILED [ 49%]
tests/domain/ux_progress/test_ux_progress.py::test_error_in_any_step_sets_has_error FAILED [ 50%]
tests/domain/ux_progress/test_ux_progress.py::test_all_steps_done_marks_progress_complete FAILED [ 50%]
tests/infra/retry/test_retry_repository.py::test_load_failed_effect_results_basic 
-------------------------------- live log call --------------------------------
2026-01-27 11:57:40 [INFO] RetryRepository | carregados=1 | limit=10
PASSED                                                                   [ 51%]
tests/infra/retry/test_retry_scheduler.py::test_retry_scheduler_runs_and_returns_decisions 
-------------------------------- live log call --------------------------------
2026-01-27 11:57:40 [INFO] RetryScheduler | falhas encontradas=1
2026-01-27 11:57:40 [INFO] RetryScheduler | abortando retry | effect=TEST | reason=test
PASSED                                                                   [ 52%]
tests/integration/test_relato_progress_firestore.py::test_effect_result_repository_reads_from_firestore FAILED [ 52%]
tests/integration/test_relato_progress_firestore.py::test_progress_service_with_firestore_emulator PASSED [ 53%]
tests/relato/test_relato_update_status_sync.py::test_update_status_success FAILED [ 53%]
tests/relato/test_relato_update_status_sync.py::test_update_status_relato_not_found FAILED [ 54%]
tests/relato/test_relato_update_status_sync.py::test_background_error_sets_status_error FAILED [ 54%]
tests/relato/test_relato_update_status_sync.py::test_relato_state_progression FAILED [ 55%]
tests/relato/test_relato_update_status_sync.py::test_invalid_status_transition_raises FAILED [ 56%]
tests/relato/test_relato_update_status_sync.py::test_error_is_terminal FAILED [ 56%]
tests/relato/test_relatos.py::test_get_relatos_sem_autenticacao 
-------------------------------- live log call --------------------------------
2026-01-27 11:57:54 [INFO] AUTH REJECT: Authorization header ausente.
2026-01-27 11:57:54 [INFO] GET /relatos/listar-todos 127.0.0.1 -> 401 (6.8ms) body_len=0
2026-01-27 11:57:54 [INFO] HTTP Request: GET http://test/relatos/listar-todos "HTTP/1.1 401 Unauthorized"
PASSED                                                                   [ 57%]
tests/relato/test_relatos.py::test_get_relatos_com_autenticacao_permitida 
-------------------------------- live log call --------------------------------
2026-01-27 11:57:54 [INFO] GET /relatos/listar-todos 127.0.0.1 -> 404 (100.3ms) body_len=0
2026-01-27 11:57:54 [INFO] HTTP Request: GET http://test/relatos/listar-todos "HTTP/1.1 404 Not Found"
FAILED                                                                   [ 57%]
tests/relato/test_relatos.py::test_get_relatos_com_autenticacao_negada 
-------------------------------- live log call --------------------------------
2026-01-27 11:57:54 [INFO] GET /relatos/listar-todos 127.0.0.1 -> 404 (60.3ms) body_len=0
2026-01-27 11:57:54 [INFO] HTTP Request: GET http://test/relatos/listar-todos "HTTP/1.1 404 Not Found"
FAILED                                                                   [ 58%]
tests/relato/test_relatos_admin.py::test_get_relatos_com_admin 
-------------------------------- live log call --------------------------------
2026-01-27 11:57:55 [INFO] GET /relatos/listar-todos 127.0.0.1 -> 404 (59.5ms) body_len=0
2026-01-27 11:57:55 [INFO] HTTP Request: GET http://test/relatos/listar-todos "HTTP/1.1 404 Not Found"
FAILED                                                                   [ 58%]
tests/relato/test_relatos_avancado.py::test_enviar_relato_falha_firestore_rollback 
-------------------------------- live log call --------------------------------
2026-01-27 11:57:55 [INFO] POST /relatos/completo 127.0.0.1 -> 405 (2.5ms) body_len=1355
2026-01-27 11:57:55 [INFO] HTTP Request: POST http://test/relatos/completo "HTTP/1.1 405 Method Not Allowed"
FAILED                                                                   [ 59%]
tests/relato/test_relatos_avancado.py::test_get_my_relatos 
-------------------------------- live log call --------------------------------
2026-01-27 11:57:55 [INFO] GET /relatos/me 127.0.0.1 -> 404 (56.3ms) body_len=0
2026-01-27 11:57:55 [INFO] HTTP Request: GET http://test/relatos/me "HTTP/1.1 404 Not Found"
FAILED                                                                   [ 60%]
tests/relato/test_relatos_avancado.py::test_get_single_relato_as_owner 
-------------------------------- live log call --------------------------------
2026-01-27 11:57:55 [INFO] GET /relatos/relato_123 127.0.0.1 -> 404 (60.6ms) body_len=0
2026-01-27 11:57:55 [INFO] HTTP Request: GET http://test/relatos/relato_123 "HTTP/1.1 404 Not Found"
FAILED                                                                   [ 60%]
tests/relato/test_relatos_avancado.py::test_attach_image_to_relato 
-------------------------------- live log call --------------------------------
2026-01-27 11:57:55 [INFO] POST /relatos/relato_123/attach-image 127.0.0.1 -> 404 (2.0ms) body_len=27
2026-01-27 11:57:55 [INFO] HTTP Request: POST http://test/relatos/relato_123/attach-image "HTTP/1.1 404 Not Found"
FAILED                                                                   [ 61%]
tests/relato/test_relatos_avancado.py::test_get_moderation_pending 
-------------------------------- live log call --------------------------------
2026-01-27 11:57:55 [INFO] GET /relatos/moderation/pending 127.0.0.1 -> 404 (2.0ms) body_len=0
2026-01-27 11:57:55 [INFO] HTTP Request: GET http://test/relatos/moderation/pending "HTTP/1.1 404 Not Found"
FAILED                                                                   [ 61%]
tests/relato/test_relatos_avancado.py::test_update_relato_status 
-------------------------------- live log call --------------------------------
2026-01-27 11:57:55 [INFO] PATCH /relatos/relato_123/status 127.0.0.1 -> 405 (1.6ms) body_len=32
2026-01-27 11:57:55 [INFO] HTTP Request: PATCH http://test/relatos/relato_123/status "HTTP/1.1 405 Method Not Allowed"
FAILED                                                                   [ 62%]
tests/relato/test_relatos_enviar.py::test_enviar_relato_sem_autenticacao 
-------------------------------- live log call --------------------------------
2026-01-27 11:57:55 [INFO] POST /relatos/completo 127.0.0.1 -> 405 (3.0ms) body_len=3576
2026-01-27 11:57:55 [INFO] HTTP Request: POST http://test/relatos/completo "HTTP/1.1 405 Method Not Allowed"
FAILED                                                                   [ 62%]
tests/relato/test_relatos_enviar.py::test_enviar_relato_com_autenticacao 
-------------------------------- live log call --------------------------------
2026-01-27 11:57:55 [INFO] POST /relatos/completo 127.0.0.1 -> 405 (2.1ms) body_len=3576
2026-01-27 11:57:55 [INFO] HTTP Request: POST http://test/relatos/completo "HTTP/1.1 405 Method Not Allowed"
FAILED                                                                   [ 63%]
tests/routes/test_galeria_refactor.py::test_galeria_publica_v3_route_exists 
-------------------------------- live log call --------------------------------
2026-01-27 11:57:56 [INFO] Obtendo o bucket de armazenamento do Firebase ... $fake-bucket.appspot.com
2026-01-27 11:57:56 [INFO] Obtendo o bucket de armazenamento do Firebase ... $fake-bucket.appspot.com
2026-01-27 11:57:56 [INFO] Obtendo o bucket de armazenamento do Firebase ... $fake-bucket.appspot.com
2026-01-27 11:57:56 [INFO] GET /galeria/public/v3 127.0.0.1 -> 200 (151.2ms) body_len=0
2026-01-27 11:57:56 [INFO] HTTP Request: GET http://test/galeria/public/v3 "HTTP/1.1 200 OK"
PASSED                                                                   [ 64%]
tests/routes/test_galeria_refactor.py::test_relatos_galeria_publica_v3_route_does_not_exist 
-------------------------------- live log call --------------------------------
2026-01-27 11:57:56 [INFO] GET /relatos/galeria/public/v3 127.0.0.1 -> 404 (2.1ms) body_len=0
2026-01-27 11:57:56 [INFO] HTTP Request: GET http://test/relatos/galeria/public/v3 "HTTP/1.1 404 Not Found"
PASSED                                                                   [ 64%]
tests/routes/test_relatos_multipart.py::test_post_relatos_with_real_multipart_upload 
-------------------------------- live log call --------------------------------
2026-01-27 11:57:56 [INFO] POST /relatos/ testclient -> 201 (20.0ms) body_len=363
2026-01-27 11:57:56 [INFO] HTTP Request: POST http://testserver/relatos/ "HTTP/1.1 201 Created"
FAILED                                                                   [ 65%]
tests/routes/test_relatos_multipart.py::test_upload_failure_triggers_rollback FAILED [ 65%]
tests/routes/test_relatos_multipart.py::test_effect_result_persist_and_fetch_success 
-------------------------------- live log call --------------------------------
2026-01-27 11:57:56 [INFO] Fetched EffectResult success: {'success': True, 'relato_id': 'relato-test-001', 'effect_type': 'UPLOAD_IMAGES', 'metadata': {'total_images': 2}, 'created_at': DatetimeWithNanoseconds(2026, 1, 11, 14, 26, 23, 502811, tzinfo=datetime.timezone.utc), 'error': None, 'executed_at': DatetimeWithNanoseconds(2026, 1, 11, 14, 26, 23, 502811, tzinfo=datetime.timezone.utc), 'effect_ref': 'relato-test-001'}
PASSED                                                                   [ 66%]
tests/routes/test_relatos_post.py::test_post_relatos_success FAILED      [ 66%]
tests/routes/test_relatos_post.py::test_post_relatos_denied_by_domain FAILED [ 67%]
tests/routes/test_relatos_post.py::test_post_relatos_missing_consentimento 
-------------------------------- live log call --------------------------------
2026-01-27 11:57:56 [INFO] POST /relatos testclient -> 307 (4.2ms) body_len=169
2026-01-27 11:57:56 [INFO] HTTP Request: POST http://testserver/relatos "HTTP/1.1 307 Temporary Redirect"
2026-01-27 11:57:56 [INFO] AUTH REJECT: Authorization header ausente.
2026-01-27 11:57:56 [INFO] POST /relatos/ testclient -> 401 (12.2ms) body_len=169
2026-01-27 11:57:56 [INFO] HTTP Request: POST http://testserver/relatos/ "HTTP/1.1 401 Unauthorized"
FAILED                                                                   [ 68%]
tests/routes/test_relatos_post.py::test_post_relatos_no_consentimento_field 
-------------------------------- live log call --------------------------------
2026-01-27 11:57:57 [INFO] POST /relatos testclient -> 307 (2.9ms) body_len=137
2026-01-27 11:57:57 [INFO] HTTP Request: POST http://testserver/relatos "HTTP/1.1 307 Temporary Redirect"
2026-01-27 11:57:57 [INFO] AUTH REJECT: Authorization header ausente.
2026-01-27 11:57:57 [INFO] POST /relatos/ testclient -> 401 (8.3ms) body_len=137
2026-01-27 11:57:57 [INFO] HTTP Request: POST http://testserver/relatos/ "HTTP/1.1 401 Unauthorized"
FAILED                                                                   [ 68%]
tests/routes/test_relatos_post.py::test_post_relatos_executor_not_called_when_denied FAILED [ 69%]
tests/routes/test_relatos_progress.py::test_get_relato_progress_unauthenticated 
-------------------------------- live log call --------------------------------
2026-01-27 11:57:57 [INFO] AUTH REJECT: Authorization header ausente.
2026-01-27 11:57:57 [INFO] GET /relatos/relato-123/progress 127.0.0.1 -> 401 (5.5ms) body_len=0
2026-01-27 11:57:57 [INFO] HTTP Request: GET http://test/relatos/relato-123/progress "HTTP/1.1 401 Unauthorized"
PASSED                                                                   [ 69%]
tests/routes/test_relatos_progress.py::test_get_relato_progress_forbidden 
-------------------------------- live log call --------------------------------
2026-01-27 11:58:02 [INFO] GET /relatos/relato-123/progress 127.0.0.1 -> 200 (5497.5ms) body_len=0
2026-01-27 11:58:02 [INFO] HTTP Request: GET http://test/relatos/relato-123/progress "HTTP/1.1 200 OK"
FAILED                                                                   [ 70%]
tests/routes/test_relatos_progress.py::test_get_relato_progress_empty 
-------------------------------- live log call --------------------------------
2026-01-27 11:58:08 [INFO] GET /relatos/relato-123/progress 127.0.0.1 -> 200 (6085.5ms) body_len=0
2026-01-27 11:58:08 [INFO] HTTP Request: GET http://test/relatos/relato-123/progress "HTTP/1.1 200 OK"
FAILED                                                                   [ 70%]
tests/routes/test_relatos_progress.py::test_get_relato_progress_partial_with_error 
-------------------------------- live log call --------------------------------
2026-01-27 11:58:13 [INFO] GET /relatos/relato-123/progress 127.0.0.1 -> 200 (4782.1ms) body_len=0
2026-01-27 11:58:13 [INFO] HTTP Request: GET http://test/relatos/relato-123/progress "HTTP/1.1 200 OK"
FAILED                                                                   [ 71%]
tests/routes/test_relatos_progress.py::test_get_relato_progress_complete 
-------------------------------- live log call --------------------------------
2026-01-27 11:58:18 [INFO] GET /relatos/relato-123/progress 127.0.0.1 -> 200 (4282.7ms) body_len=0
2026-01-27 11:58:18 [INFO] HTTP Request: GET http://test/relatos/relato-123/progress "HTTP/1.1 200 OK"
FAILED                                                                   [ 72%]
tests/services/effects/test_persist_effect_result_firestore.py::test_persist_effect_result_firestore_accepts_uuid_fields PASSED [ 72%]
tests/services/effects/test_persist_effect_result_firestore.py::test_persist_effect_result_firestore_rejects_raw_uuid_values PASSED [ 73%]
tests/services/effects/test_persist_effect_result_firestore.py::test_persist_effect_result_firestore_normalizes_uuid_before_persisting PASSED [ 73%]
tests/services/effects/test_registry_real_effects.py::test_all_effects_registered PASSED [ 74%]
tests/services/effects/test_retry_classifier.py::test_classify_timeout PASSED [ 74%]
tests/services/effects/test_retry_classifier.py::test_classify_invalid_input PASSED [ 75%]
tests/services/effects/test_retry_classifier.py::test_classify_unknown PASSED [ 76%]
tests/services/effects/test_retry_effect.py::test_retry_effect_success FAILED [ 76%]
tests/services/effects/test_retry_effect_unsupported.py::test_retry_effect_unsupported_type_raises FAILED [ 77%]
tests/services/effects/test_retry_executor.py::test_retry_persist_relato 
-------------------------------- live log call --------------------------------
2026-01-27 11:58:18 [INFO] RetryExecutor | effect=PERSIST_RELATO | relato=relato-123 | attempt=1
FAILED                                                                   [ 77%]
tests/services/effects/test_retry_executor.py::test_retry_enqueue_processing 
-------------------------------- live log call --------------------------------
2026-01-27 11:58:18 [INFO] RetryExecutor | effect=ENQUEUE_PROCESSING | relato=relato-456 | attempt=1
2026-01-27 11:58:18 [INFO] Executando efeitos do relato | total=1
2026-01-27 11:58:18 [INFO] Executando EnqueueProcessingEffect | relato=relato-456
PASSED                                                                   [ 78%]
tests/services/effects/test_retry_executor.py::test_retry_emit_event 
-------------------------------- live log call --------------------------------
2026-01-27 11:58:18 [INFO] RetryExecutor | effect=EMIT_EVENT | relato=relato-789 | attempt=1
2026-01-27 11:58:18 [INFO] Executando efeitos do relato | total=1
2026-01-27 11:58:18 [WARNING] Falha na execu├º├úo de efeitos. Iniciando rollback compensat├│rio | total_executados=0
2026-01-27 11:58:18 [ERROR] RetryExecutor | falha ao reexecutar effect=EMIT_EVENT | relato=relato-789
Traceback (most recent call last):
  File "D:\workspace_projects_001\dermasync-api\app\services\relato_effect_executor.py", line 400, in execute_by_result
    self.execute([effect])
  File "D:\workspace_projects_001\dermasync-api\app\services\relato_effect_executor.py", line 70, in execute
    relato_id=effect.relato_id,
              ^^^^^^^^^^^^^^^^
AttributeError: 'EmitDomainEventEffect' object has no attribute 'relato_id'
FAILED                                                                   [ 78%]
tests/services/effects/test_retry_executor.py::test_retry_upload_images_success 
-------------------------------- live log call --------------------------------
2026-01-27 11:58:18 [INFO] RetryExecutor | effect=UPLOAD_IMAGES | relato=relato-999 | attempt=2
FAILED                                                                   [ 79%]
tests/services/effects/test_retry_executor.py::test_retry_upload_images_without_metadata_fails 
-------------------------------- live log call --------------------------------
2026-01-27 11:58:19 [INFO] RetryExecutor | effect=UPLOAD_IMAGES | relato=relato-000 | attempt=1
PASSED                                                                   [ 80%]
tests/services/effects/test_retry_executor.py::test_retry_unknown_effect_type_fails 
-------------------------------- live log call --------------------------------
2026-01-27 11:58:19 [INFO] RetryExecutor | effect=UNKNOWN_EFFECT | relato=relato-err | attempt=1
PASSED                                                                   [ 80%]
tests/services/effects/test_retry_policy_contract.py::test_retry_policy_contract PASSED [ 81%]
tests/services/effects/test_retry_policy_decision.py::test_network_error_retries PASSED [ 81%]
tests/services/effects/test_retry_policy_decision.py::test_invalid_input_never_retries PASSED [ 82%]
tests/services/effects/test_retry_policy_decision.py::test_unknown_allows_single_retry PASSED [ 82%]
tests/services/readmodels/test_relato_progress_ui.py::test_progress_ui_empty FAILED [ 83%]
tests/services/readmodels/test_relato_progress_ui.py::test_progress_ui_partial_with_error FAILED [ 84%]
tests/services/readmodels/test_relato_progress_ui.py::test_progress_ui_in_progress FAILED [ 84%]
tests/services/readmodels/test_relato_progress_ui.py::test_progress_ui_completed FAILED [ 85%]
tests/services/readmodels/test_relato_progress_ui.py::test_progress_ui_with_missing_fields PASSED [ 85%]
tests/services/test_executor_idempotency.py::test_executor_skips_effect_if_already_succeeded FAILED [ 86%]
tests/services/test_ux_effects.py::test_ux_effect_contract_shape FAILED  [ 86%]
tests/services/test_ux_effects.py::test_processing_started_ux_effect_contract FAILED [ 87%]
tests/test_archlog_sync_extra.py::test_parse_logs_file_not_found 
-------------------------------- live log call --------------------------------
2026-01-27 11:58:19 [INFO] Parsing logs from: app/archlog_sync/exemplos/nao_existe.jsonl
2026-01-27 11:58:19 [ERROR] Log file not found: app/archlog_sync/exemplos/nao_existe.jsonl
PASSED                                                                   [ 88%]
tests/test_archlog_sync_extra.py::test_parse_logs_empty 
-------------------------------- live log call --------------------------------
2026-01-27 11:58:19 [INFO] Criando arquivo vazio para teste: C:\Users\Jefferson\AppData\Local\Temp\pytest-of-Jefferson\pytest-7\test_parse_logs_empty0\empty.jsonl
2026-01-27 11:58:19 [INFO] Parsing logs from: C:\Users\Jefferson\AppData\Local\Temp\pytest-of-Jefferson\pytest-7\test_parse_logs_empty0\empty.jsonl
PASSED                                                                   [ 88%]
tests/test_archlog_sync_extra.py::test_mermaid_empty 
-------------------------------- live log call --------------------------------
2026-01-27 11:58:19 [INFO] Gerando diagrama de sequ├¬ncia Mermaid a partir dos eventos de log
2026-01-27 11:58:19 [INFO] Total de eventos recebidos: 0
2026-01-27 11:58:19 [WARNING] Nenhum evento fornecido, retornando diagrama vazio
PASSED                                                                   [ 89%]
tests/test_archlog_sync_extra.py::test_mermaid_order 
-------------------------------- live log call --------------------------------
2026-01-27 11:58:19 [INFO] Testando ordem de eventos no diagrama Mermaid
2026-01-27 11:58:19 [INFO] Total de eventos no sample: 4
2026-01-27 11:58:19 [INFO] Tipo da vari├ível sample_events: <class 'list'>
2026-01-27 11:58:19 [INFO] Gerando diagrama de sequ├¬ncia Mermaid a partir dos eventos de log
2026-01-27 11:58:19 [INFO] Total de eventos recebidos: 4
PASSED                                                                   [ 89%]
tests/test_archlog_sync_extra.py::test_detect_slow_calls_edge PASSED     [ 90%]
tests/test_archlog_sync_extra.py::test_compute_avg_latency_simple PASSED [ 90%]
tests/test_healthcheck.py::test_healthz_success 
-------------------------------- live log call --------------------------------
2026-01-27 11:58:20 [INFO] GET /healthz 127.0.0.1 -> 200 (3.0ms) body_len=0
2026-01-27 11:58:20 [INFO] HTTP Request: GET http://test/healthz "HTTP/1.1 200 OK"
PASSED                                                                   [ 91%]
tests/test_healthcheck.py::test_healthz_failure_firebase 
-------------------------------- live log call --------------------------------
2026-01-27 11:58:20 [INFO] GET /healthz 127.0.0.1 -> 503 (0.0ms) body_len=0
2026-01-27 11:58:20 [INFO] HTTP Request: GET http://test/healthz "HTTP/1.1 503 Service Unavailable"
PASSED                                                                   [ 92%]
tests/test_healthcheck.py::test_healthz_failure_chromadb 
-------------------------------- live log call --------------------------------
2026-01-27 11:58:20 [INFO] GET /healthz 127.0.0.1 -> 503 (3.0ms) body_len=0
2026-01-27 11:58:20 [INFO] HTTP Request: GET http://test/healthz "HTTP/1.1 503 Service Unavailable"
PASSED                                                                   [ 92%]
tests/test_imagens_avancado.py::test_upload_imagem_tipo_invalido 
-------------------------------- live log call --------------------------------
2026-01-27 11:58:20 [INFO] Upload de imagem solicitado por user_123: invalid_file.txt
2026-01-27 11:58:20 [INFO] POST /imagens/upload 127.0.0.1 -> 415 (172.9ms) body_len=198
2026-01-27 11:58:20 [INFO] HTTP Request: POST http://test/imagens/upload "HTTP/1.1 415 Unsupported Media Type"
PASSED                                                                   [ 93%]
tests/test_imagens_avancado.py::test_upload_imagem_valido 
-------------------------------- live log call --------------------------------
2026-01-27 11:58:20 [INFO] Upload de imagem solicitado por user_123: valid_image.jpeg
2026-01-27 11:58:20 [INFO] POST /imagens/upload 127.0.0.1 -> 200 (7.8ms) body_len=811
2026-01-27 11:58:20 [INFO] HTTP Request: POST http://test/imagens/upload "HTTP/1.1 200 OK"
PASSED                                                                   [ 93%]
tests/test_imagens_avancado.py::test_get_imagem_signed_url 
-------------------------------- live log call --------------------------------
2026-01-27 11:58:20 [INFO] GET /imagens/image_123 127.0.0.1 -> 404 (0.0ms) body_len=0
2026-01-27 11:58:20 [INFO] HTTP Request: GET http://test/imagens/image_123 "HTTP/1.1 404 Not Found"
FAILED                                                                   [ 94%]
tests/test_parser_metrics.py::test_parse_logs_groups 
------------------------------- live log setup --------------------------------
2026-01-27 11:58:20 [INFO] Parsing logs from: app/archlog_sync/exemplos/relato_log.jsonl
2026-01-27 11:58:20 [INFO] Processing entry: {'timestamp': '2025-07-04T14:00:01Z', 'request_id': 'req_001', 'caller': 'frontend', 'callee': 'relato_service', 'operation': 'POST /enviar-relato', 'status_code': 200, 'duration_ms': 122}
2026-01-27 11:58:20 [INFO] Processing entry: {'timestamp': '2025-07-04T14:00:02Z', 'request_id': 'req_001', 'caller': 'relato_service', 'callee': 'firebase_storage', 'operation': 'upload_imagem', 'status_code': 200, 'duration_ms': 321}
2026-01-27 11:58:20 [INFO] Processing entry: {'timestamp': '2025-07-04T14:00:03Z', 'request_id': 'req_001', 'caller': 'relato_service', 'callee': 'llm_extractor', 'operation': 'extrair_tags', 'status_code': 200, 'duration_ms': 1522}
2026-01-27 11:58:20 [INFO] Processing entry: {'timestamp': '2025-07-04T14:00:04Z', 'request_id': 'req_001', 'caller': 'llm_extractor', 'callee': 'chromadb', 'operation': 'persistir_vetor', 'status_code': 200, 'duration_ms': 88}
2026-01-27 11:58:20 [INFO] Loaded groups: {"req_001": [{"timestamp": "2025-07-04T14:00:01Z", "request_id": "req_001", "caller": "frontend", "callee": "relato_service", "operation": "POST /enviar-relato", "status_code": 200, "duration_ms": 122}, {"timestamp": "2025-07-04T14:00:02Z", "request_id": "req_001", "caller": "relato_service", "callee": "firebase_storage", "operation": "upload_imagem", "status_code": 200, "duration_ms": 321}, {"timestamp": "2025-07-04T14:00:03Z", "request_id": "req_001", "caller": "relato_service", "callee": "llm_extractor", "operation": "extrair_tags", "status_code": 200, "duration_ms": 1522}, {"timestamp": "2025-07-04T14:00:04Z", "request_id": "req_001", "caller": "llm_extractor", "callee": "chromadb", "operation": "persistir_vetor", "status_code": 200, "duration_ms": 88}]}
PASSED                                                                   [ 94%]
tests/test_parser_metrics.py::test_mermaid_generator 
------------------------------- live log setup --------------------------------
2026-01-27 11:58:20 [INFO] Parsing logs from: app/archlog_sync/exemplos/relato_log.jsonl
2026-01-27 11:58:20 [INFO] Processing entry: {'timestamp': '2025-07-04T14:00:01Z', 'request_id': 'req_001', 'caller': 'frontend', 'callee': 'relato_service', 'operation': 'POST /enviar-relato', 'status_code': 200, 'duration_ms': 122}
2026-01-27 11:58:20 [INFO] Processing entry: {'timestamp': '2025-07-04T14:00:02Z', 'request_id': 'req_001', 'caller': 'relato_service', 'callee': 'firebase_storage', 'operation': 'upload_imagem', 'status_code': 200, 'duration_ms': 321}
2026-01-27 11:58:20 [INFO] Processing entry: {'timestamp': '2025-07-04T14:00:03Z', 'request_id': 'req_001', 'caller': 'relato_service', 'callee': 'llm_extractor', 'operation': 'extrair_tags', 'status_code': 200, 'duration_ms': 1522}
2026-01-27 11:58:20 [INFO] Processing entry: {'timestamp': '2025-07-04T14:00:04Z', 'request_id': 'req_001', 'caller': 'llm_extractor', 'callee': 'chromadb', 'operation': 'persistir_vetor', 'status_code': 200, 'duration_ms': 88}
2026-01-27 11:58:20 [INFO] Loaded groups: {"req_001": [{"timestamp": "2025-07-04T14:00:01Z", "request_id": "req_001", "caller": "frontend", "callee": "relato_service", "operation": "POST /enviar-relato", "status_code": 200, "duration_ms": 122}, {"timestamp": "2025-07-04T14:00:02Z", "request_id": "req_001", "caller": "relato_service", "callee": "firebase_storage", "operation": "upload_imagem", "status_code": 200, "duration_ms": 321}, {"timestamp": "2025-07-04T14:00:03Z", "request_id": "req_001", "caller": "relato_service", "callee": "llm_extractor", "operation": "extrair_tags", "status_code": 200, "duration_ms": 1522}, {"timestamp": "2025-07-04T14:00:04Z", "request_id": "req_001", "caller": "llm_extractor", "callee": "chromadb", "operation": "persistir_vetor", "status_code": 200, "duration_ms": 88}]}
-------------------------------- live log call --------------------------------
2026-01-27 11:58:20 [INFO] Gerando diagrama de sequ├¬ncia Mermaid a partir dos eventos de log
2026-01-27 11:58:20 [INFO] Total de eventos recebidos: 4
PASSED                                                                   [ 95%]
tests/test_parser_metrics.py::test_compute_avg_latency 
------------------------------- live log setup --------------------------------
2026-01-27 11:58:20 [INFO] Parsing logs from: app/archlog_sync/exemplos/relato_log.jsonl
2026-01-27 11:58:20 [INFO] Processing entry: {'timestamp': '2025-07-04T14:00:01Z', 'request_id': 'req_001', 'caller': 'frontend', 'callee': 'relato_service', 'operation': 'POST /enviar-relato', 'status_code': 200, 'duration_ms': 122}
2026-01-27 11:58:20 [INFO] Processing entry: {'timestamp': '2025-07-04T14:00:02Z', 'request_id': 'req_001', 'caller': 'relato_service', 'callee': 'firebase_storage', 'operation': 'upload_imagem', 'status_code': 200, 'duration_ms': 321}
2026-01-27 11:58:20 [INFO] Processing entry: {'timestamp': '2025-07-04T14:00:03Z', 'request_id': 'req_001', 'caller': 'relato_service', 'callee': 'llm_extractor', 'operation': 'extrair_tags', 'status_code': 200, 'duration_ms': 1522}
2026-01-27 11:58:20 [INFO] Processing entry: {'timestamp': '2025-07-04T14:00:04Z', 'request_id': 'req_001', 'caller': 'llm_extractor', 'callee': 'chromadb', 'operation': 'persistir_vetor', 'status_code': 200, 'duration_ms': 88}
2026-01-27 11:58:20 [INFO] Loaded groups: {"req_001": [{"timestamp": "2025-07-04T14:00:01Z", "request_id": "req_001", "caller": "frontend", "callee": "relato_service", "operation": "POST /enviar-relato", "status_code": 200, "duration_ms": 122}, {"timestamp": "2025-07-04T14:00:02Z", "request_id": "req_001", "caller": "relato_service", "callee": "firebase_storage", "operation": "upload_imagem", "status_code": 200, "duration_ms": 321}, {"timestamp": "2025-07-04T14:00:03Z", "request_id": "req_001", "caller": "relato_service", "callee": "llm_extractor", "operation": "extrair_tags", "status_code": 200, "duration_ms": 1522}, {"timestamp": "2025-07-04T14:00:04Z", "request_id": "req_001", "caller": "llm_extractor", "callee": "chromadb", "operation": "persistir_vetor", "status_code": 200, "duration_ms": 88}]}
PASSED                                                                   [ 96%]
tests/test_parser_metrics.py::test_detect_slow_calls 
------------------------------- live log setup --------------------------------
2026-01-27 11:58:20 [INFO] Parsing logs from: app/archlog_sync/exemplos/relato_log.jsonl
2026-01-27 11:58:20 [INFO] Processing entry: {'timestamp': '2025-07-04T14:00:01Z', 'request_id': 'req_001', 'caller': 'frontend', 'callee': 'relato_service', 'operation': 'POST /enviar-relato', 'status_code': 200, 'duration_ms': 122}
2026-01-27 11:58:20 [INFO] Processing entry: {'timestamp': '2025-07-04T14:00:02Z', 'request_id': 'req_001', 'caller': 'relato_service', 'callee': 'firebase_storage', 'operation': 'upload_imagem', 'status_code': 200, 'duration_ms': 321}
2026-01-27 11:58:20 [INFO] Processing entry: {'timestamp': '2025-07-04T14:00:03Z', 'request_id': 'req_001', 'caller': 'relato_service', 'callee': 'llm_extractor', 'operation': 'extrair_tags', 'status_code': 200, 'duration_ms': 1522}
2026-01-27 11:58:20 [INFO] Processing entry: {'timestamp': '2025-07-04T14:00:04Z', 'request_id': 'req_001', 'caller': 'llm_extractor', 'callee': 'chromadb', 'operation': 'persistir_vetor', 'status_code': 200, 'duration_ms': 88}
2026-01-27 11:58:20 [INFO] Loaded groups: {"req_001": [{"timestamp": "2025-07-04T14:00:01Z", "request_id": "req_001", "caller": "frontend", "callee": "relato_service", "operation": "POST /enviar-relato", "status_code": 200, "duration_ms": 122}, {"timestamp": "2025-07-04T14:00:02Z", "request_id": "req_001", "caller": "relato_service", "callee": "firebase_storage", "operation": "upload_imagem", "status_code": 200, "duration_ms": 321}, {"timestamp": "2025-07-04T14:00:03Z", "request_id": "req_001", "caller": "relato_service", "callee": "llm_extractor", "operation": "extrair_tags", "status_code": 200, "duration_ms": 1522}, {"timestamp": "2025-07-04T14:00:04Z", "request_id": "req_001", "caller": "llm_extractor", "callee": "chromadb", "operation": "persistir_vetor", "status_code": 200, "duration_ms": 88}]}
PASSED                                                                   [ 96%]
tests/test_pipeline_01_jsonlbruto.py::test_gerar_jsonl_bruto_formato_valido 
-------------------------------- live log call --------------------------------
2026-01-27 11:58:20 [INFO] Iniciando a gera├º├úo do JSONL bruto...
2026-01-27 11:58:20 [INFO] Par├ómetros de entrada: {'origem': 'facebook', 'src_dir': 'C:\\Users\\JEFFER~1\\AppData\\Local\\Temp\\tmpzmqcuhb3', 'ctx_id': '1234567890', 'grupo': 'Dermatite At├│pica Brasil', 'tipo': 'comentario'}, C:\Users\JEFFER~1\AppData\Local\Temp\tmpzmqcuhb3\saida.jsonl
2026-01-27 11:58:20 [INFO] Dado gerado: {'id_relato': '5100ea01cb494faaa1cde2a7de9ad2b8', 'origem': {'plataforma': 'facebook', 'link': None, 'tipo': 'comentario', 'ano_postagem': None, 'grupo': 'Dermatite At├│pica Brasil', 'ctx_id': '1234567890'}, 'versao_pipeline': 'v0.0.1', 'data_modificacao': '2026-01-27T11:58:20.692707', 'conteudo_original': 'Relato de teste sobre coceira e pele seca.'}
PASSED                                                                   [ 97%]
tests/test_pipeline_01_jsonlbruto.py::test_valida_schema_jsonl_bruto PASSED [ 97%]
tests/test_pipeline_02_enriquecer_metadados.py::test_enriquecer_metadados_formato_valido 
-------------------------------- live log call --------------------------------
2026-01-27 11:58:27 [INFO] Usando cliente LLM: <app.pipeline.llm_client.gemini_client.GeminiClient object at 0x0000023FAD235E10>
2026-01-27 11:58:27 [INFO] Enviando prompt para LLM...
2026-01-27 11:58:27 [ERROR] Erro ao processar relato: 404 models/gemini is not found for API version v1beta, or is not supported for generateContent. Call ListModels to see the list of available models and their supported methods.
FAILED                                                                   [ 98%]
tests/test_pipeline_02_enriquecer_metadados.py::test_if_jsonl_linha_valido PASSED [ 98%]
tests/test_pipeline_integracao_01_02.py::test_integracao_fase_01_e_02 
-------------------------------- live log call --------------------------------
2026-01-27 11:58:28 [INFO] Iniciando a gera├º├úo do JSONL bruto...
2026-01-27 11:58:28 [INFO] Par├ómetros de entrada: {'origem': 'facebook', 'src_dir': 'C:\\Users\\JEFFER~1\\AppData\\Local\\Temp\\tmpbv4u9b4c', 'ctx_id': 'CTX1234567890', 'grupo': 'Grupo de Teste', 'tipo': 'comentario'}, C:\Users\JEFFER~1\AppData\Local\Temp\tmpbv4u9b4c\saida.jsonl
2026-01-27 11:58:28 [INFO] Usando cliente LLM: <app.pipeline.llm_client.gemini_client.GeminiClient object at 0x0000023FAE7639D0>
2026-01-27 11:58:28 [INFO] Enviando prompt para LLM...
2026-01-27 11:58:28 [ERROR] Erro ao processar relato: 404 models/gemini is not found for API version v1beta, or is not supported for generateContent. Call ListModels to see the list of available models and their supported methods.
FAILED                                                                   [ 99%]
tests/ux/test_cognitive_integration_flow.py::test_user_sees_coherent_story_from_ux_effects FAILED [100%]

================================== FAILURES ===================================
_____________ test_job_persists_snapshot_when_progress_is_stable ______________

    def test_job_persists_snapshot_when_progress_is_stable():
        snapshot_repo = Mock()
        effect_repo = Mock()
    
        snapshot_repo.get_by_relato_id.return_value = None
    
        effect_repo.fetch_by_relato_id.return_value = [
>           EffectResult(
                type="PERSIST_RELATO",
                success=True,
                executed_at=datetime.utcnow(),
            ),
            EffectResult(
                type="UPLOAD_IMAGES",
                success=True,
                executed_at=datetime.utcnow(),
            ),
            EffectResult(
                type="ENRICH_METADATA",
                success=True,
                executed_at=datetime.utcnow(),
            ),
        ]
E       TypeError: EffectResult.__init__() missing 2 required positional arguments: 'error_message' and 'metadata'

tests\application\test_relato_progress_stabilization_service.py:35: TypeError
____________________ test_retry_endpoint_returns_ux_effect ____________________

client = <httpx.AsyncClient object at 0x0000023FAD158A50>

    @pytest.mark.asyncio
    async def test_retry_endpoint_returns_ux_effect(client):
        response = await client.post("/relatos/relato-123/retry")
        body = response.json()
    
        assert "ux_effects" in body
>       assert body["ux_effects"][0]["type"] == "RetryUXEffect"
               ^^^^^^^^^^^^^^^^^^^^^
E       IndexError: list index out of range

tests\domain\effects\test_retry_ux_effects.py:92: IndexError
---------------------------- Captured stdout setup ----------------------------
{"timestamp": "2026-01-27 11:57:37,698", "level": "DEBUG", "logger": "asyncio", "message": "Using proactor: IocpProactor"}
---------------------------- Captured stdout call -----------------------------
{"timestamp": "2026-01-27 11:57:37,826", "level": "INFO", "logger": "app.services.effects.fetch_firestore", "message": "Fetched 6 failed EffectResults for relato=relato-123"}
{"timestamp": "2026-01-27 11:57:37,827", "level": "DEBUG", "logger": "app.services.ux_adapters", "message": "Ignoring non-UX domain effect: RetryUXEffect"}
{"timestamp": "2026-01-27 11:57:37,829", "level": "INFO", "logger": "root", "message": "POST /relatos/relato-123/retry 127.0.0.1 -> 202 (100.9ms) body_len=0"}
{"timestamp": "2026-01-27 11:57:37,830", "level": "INFO", "logger": "httpx", "message": "HTTP Request: POST http://test/relatos/relato-123/retry \"HTTP/1.1 202 Accepted\""}
---------------------------- Captured stderr call -----------------------------
[32m[2026-01-27 11:57:37] [INFO] [request_logger] POST /relatos/relato-123/retry Status: 202 Tempo: 99.78ms[0m
------------------------------ Captured log call ------------------------------
2026-01-27 11:57:37 [INFO] Fetched 6 failed EffectResults for relato=relato-123
2026-01-27 11:57:37 [INFO] POST /relatos/relato-123/retry 127.0.0.1 -> 202 (100.9ms) body_len=0
2026-01-27 11:57:37 [INFO] HTTP Request: POST http://test/relatos/relato-123/retry "HTTP/1.1 202 Accepted"
____________________ test_valid_payload_passes_validation _____________________

    def test_valid_payload_passes_validation():
        model = EnrichedMetadataV2.model_validate(VALID_PAYLOAD)
        assert model.version == "v2"
>       assert model.confidence.extraction == 0.85
               ^^^^^^^^^^^^^^^^^^^^^^^^^^^
E       AttributeError: 'dict' object has no attribute 'extraction'

tests\domain\enrichment\test_enriched_metadata_v2_validator.py:39: AttributeError
___________________________ test_extra_field_fails ____________________________

    def test_extra_field_fails():
        payload = VALID_PAYLOAD | {"unexpected": "boom"}
    
>       with pytest.raises(Exception):
E       Failed: DID NOT RAISE <class 'Exception'>

tests\domain\enrichment\test_enriched_metadata_v2_validator.py:44: Failed
______________________ test_criar_relato_estado_inicial _______________________

    def test_criar_relato_estado_inicial():
        """Testa a cria├º├úo de um relato quando n├úo existe estado anterior."""
        actor = Actor(id="user-123", role=ActorRole.USER)
>       command = CreateRelato(
            relato_id="relato-456",
            owner_id="user-123",
            conteudo="Relato de teste",
            imagens={"antes": [], "durante": [], "depois": []}
        )
E       TypeError: CreateRelato.__init__() got an unexpected keyword argument 'imagens'

tests\domain\relato\test_create_relato.py:19: TypeError
_____________________ test_negar_criacao_relato_existente _____________________

    def test_negar_criacao_relato_existente():
        """Testa que n├úo ├® poss├¡vel criar um relato se ele j├í existe (estado n├úo ├® None)."""
        actor = Actor(id="user-123", role=ActorRole.USER)
>       command = CreateRelato(
            relato_id="relato-456",
            owner_id="user-123",
            conteudo="Relato de teste",
            imagens={"antes": [], "durante": [], "depois": []}
        )
E       TypeError: CreateRelato.__init__() got an unexpected keyword argument 'imagens'

tests\domain\relato\test_create_relato.py:38: TypeError
_________ test_post_relatos_success_runs_domain_and_executes_effects __________

    def test_post_relatos_success_runs_domain_and_executes_effects():
        from app.main import app
        from app.auth.schemas import User
        from app.auth.dependencies import get_current_user
        from fastapi.testclient import TestClient
        from unittest.mock import MagicMock, patch
        import json
    
        mock_user = User(
            id="user-123",
            email="test@example.com",
            role="usuario_logado"
        )
    
        # ­ƒöæ override correto do Depends
        app.dependency_overrides[get_current_user] = lambda: mock_user
    
        client = TestClient(app)
    
        # Ô£à payload MINIMAMENTE v├ílido segundo RelatoDraftInput
        payload = {
            "descricao": "Relato v├ílido",
            "consentimento": True,
            "idade": 35
        }
    
        try:
            with patch(
                "app.routes.relatos.RelatoEffectExecutor"
            ) as mock_executor_class:
                mock_executor_instance = MagicMock()
                mock_executor_class.return_value = mock_executor_instance
    
                response = client.post(
                    "/relatos/",
                    data={"payload": json.dumps(payload)}
                )
    
                assert response.status_code == 201
    
                body = response.json()
>               assert "relato_id" in body
E               AssertionError: assert 'relato_id' in {'data': {'relato_id': 'dbe7f806733c4170b13be2adc53cafe7', 'status': 'created'}, 'ux_effects': [{'channel': 'progress', 'message': 'Relato recebido e salvo.', 'relato_id': 'dbe7f806733c4170b13be2adc53cafe7', 'severity': 'info', ...}, {'channel': 'progress', 'message': 'Imagens enviadas para processamento.', 'relato_id': 'dbe7f806733c4170b13be2adc53cafe7', 'severity': 'info', ...}]}

tests\domain\relato\test_create_relato.py:95: AssertionError
---------------------------- Captured stdout call -----------------------------
{"timestamp": "2026-01-27 11:57:38,225", "level": "DEBUG", "logger": "asyncio", "message": "Using proactor: IocpProactor"}
{"timestamp": "2026-01-27 11:57:38,255", "level": "DEBUG", "logger": "python_multipart.multipart", "message": "Calling on_field_start with no data"}
{"timestamp": "2026-01-27 11:57:38,256", "level": "DEBUG", "logger": "python_multipart.multipart", "message": "Calling on_field_name with data[0:7]"}
{"timestamp": "2026-01-27 11:57:38,257", "level": "DEBUG", "logger": "python_multipart.multipart", "message": "Calling on_field_data with data[8:111]"}
{"timestamp": "2026-01-27 11:57:38,258", "level": "DEBUG", "logger": "python_multipart.multipart", "message": "Calling on_field_end with no data"}
{"timestamp": "2026-01-27 11:57:38,258", "level": "DEBUG", "logger": "python_multipart.multipart", "message": "Calling on_end with no data"}
{"timestamp": "2026-01-27 11:57:38,270", "level": "INFO", "logger": "root", "message": "POST /relatos/ testclient -> 201 (21.0ms) body_len=111"}
{"timestamp": "2026-01-27 11:57:38,277", "level": "INFO", "logger": "httpx", "message": "HTTP Request: POST http://testserver/relatos/ \"HTTP/1.1 201 Created\""}
---------------------------- Captured stderr call -----------------------------
[32m[2026-01-27 11:57:38] [INFO] [request_logger] POST /relatos/ Status: 201 Tempo: 17.19ms[0m
------------------------------ Captured log call ------------------------------
2026-01-27 11:57:38 [INFO] POST /relatos/ testclient -> 201 (21.0ms) body_len=111
2026-01-27 11:57:38 [INFO] HTTP Request: POST http://testserver/relatos/ "HTTP/1.1 201 Created"
___________________ test_create_relato_emits_typed_effects ____________________

    def test_create_relato_emits_typed_effects():
        actor = Actor(id="user-123", role=ActorRole.USER)
    
>       command = CreateRelato(
            relato_id="relato-1",
            owner_id="user-123",
            conteudo="Relato v├ílido",
            imagens={"antes": [], "durante": [], "depois": []},
        )
E       TypeError: CreateRelato.__init__() got an unexpected keyword argument 'imagens'

tests\domain\relato\test_create_relato.py:187: TypeError
_________________ test_create_relato_initial_state_is_created _________________

    def test_create_relato_initial_state_is_created():
        decision = decide(
>           command=CreateRelato(
            relato_id="relato-1",
            owner_id="user-123",
            conteudo="Relato v├ílido",
            imagens={"antes": [], "durante": [], "depois": []},
        ),
            actor=Actor(id="user-123", role=ActorRole.USER),
            current_state=None
        )
E       TypeError: CreateRelato.__init__() got an unexpected keyword argument 'imagens'

tests\domain\relato\test_create_relato.py:207: TypeError
________________ test_create_relato_allowed_from_initial_state ________________

    def test_create_relato_allowed_from_initial_state():
        """Testa que a cria├º├úo de relato ├® permitida a partir do estado inicial (None)."""
        actor = Actor(id="user-123", role=ActorRole.USER)
>       command = CreateRelato(
            relato_id="relato-456",
            owner_id="user-123",
            conteudo="Relato de teste",
            imagens={"antes": [], "durante": [], "depois": []}
        )
E       TypeError: CreateRelato.__init__() got an unexpected keyword argument 'imagens'

tests\domain\relato\test_create_relato_decision.py:19: TypeError
________________ test_create_relato_denied_when_already_exists ________________

    def test_create_relato_denied_when_already_exists():
        """Testa que a cria├º├úo de relato ├® negada quando o relato j├í existe (estado n├úo ├® None)."""
        actor = Actor(id="user-123", role=ActorRole.USER)
>       command = CreateRelato(
            relato_id="relato-456",
            owner_id="user-123",
            conteudo="Relato de teste",
            imagens={"antes": [], "durante": [], "depois": []}
        )
E       TypeError: CreateRelato.__init__() got an unexpected keyword argument 'imagens'

tests\domain\relato\test_create_relato_decision.py:38: TypeError
______________ test_create_relato_denied_from_any_existing_state ______________

    def test_create_relato_denied_from_any_existing_state():
        """Testa que a cria├º├úo de relato ├® negada a partir de qualquer estado existente."""
        actor = Actor(id="user-123", role=ActorRole.USER)
>       command = CreateRelato(
            relato_id="relato-456",
            owner_id="user-123",
            conteudo="Relato de teste",
            imagens={"antes": [], "durante": [], "depois": []}
        )
E       TypeError: CreateRelato.__init__() got an unexpected keyword argument 'imagens'

tests\domain\relato\test_create_relato_decision.py:58: TypeError
____________________ test_create_relato_effects_structure _____________________

    def test_create_relato_effects_structure():
        """Testa que a decis├úo de cria├º├úo retorna efeitos com a estrutura esperada."""
        actor = Actor(id="user-123", role=ActorRole.USER)
>       command = CreateRelato(
            relato_id="relato-456",
            owner_id="user-123",
            conteudo="Relato de teste",
            imagens={"antes": [{"filename": "img.jpg", "content": b"...", "content_type": "image/jpeg"}],
                     "durante": [], "depois": []}
        )
E       TypeError: CreateRelato.__init__() got an unexpected keyword argument 'imagens'

tests\domain\relato\test_create_relato_decision.py:81: TypeError
______________________ test_negar_aprovacao_estado_draft ______________________

    def test_negar_aprovacao_estado_draft():
        """N├úo ├® poss├¡vel aprovar um relato em estado DRAFT."""
        actor = Actor(id="admin-123", role=ActorRole.ADMIN)
        command = ApproveRelatoPublic(relato_id="relato-456")
    
        decision = decide(
            command=command,
            actor=actor,
>           current_state=RelatoStatus.DRAFT,
                          ^^^^^^^^^^^^^^^^^^
        )

tests\domain\relato\test_invalid_transitions.py:66: 
_ _ _ _ _ _ _ _ _ _ _ _ _ _ _ _ _ _ _ _ _ _ _ _ _ _ _ _ _ _ _ _ _ _ _ _ _ _ _ _

cls = <enum 'RelatoStatus'>, name = 'DRAFT'

    def __getattr__(cls, name):
        """
        Return the enum member matching `name`
    
        We use __getattr__ instead of descriptors or inserting into the enum
        class' __dict__ in order to support `name` and `value` being both
        properties for enum members (which live in the class' __dict__) and
        enum members themselves.
        """
        if _is_dunder(name):
            raise AttributeError(name)
        try:
            return cls._member_map_[name]
        except KeyError:
>           raise AttributeError(name) from None
E           AttributeError: DRAFT

C:\Python311\Lib\enum.py:783: AttributeError
______________________ test_negar_rejeicao_estado_draft _______________________

    def test_negar_rejeicao_estado_draft():
        """N├úo ├® poss├¡vel rejeitar um relato em estado DRAFT."""
        actor = Actor(id="admin-123", role=ActorRole.ADMIN)
        command = RejectRelato(relato_id="relato-456")
    
        decision = decide(
            command=command,
            actor=actor,
>           current_state=RelatoStatus.DRAFT,
                          ^^^^^^^^^^^^^^^^^^
        )

tests\domain\relato\test_invalid_transitions.py:102: 
_ _ _ _ _ _ _ _ _ _ _ _ _ _ _ _ _ _ _ _ _ _ _ _ _ _ _ _ _ _ _ _ _ _ _ _ _ _ _ _

cls = <enum 'RelatoStatus'>, name = 'DRAFT'

    def __getattr__(cls, name):
        """
        Return the enum member matching `name`
    
        We use __getattr__ instead of descriptors or inserting into the enum
        class' __dict__ in order to support `name` and `value` being both
        properties for enum members (which live in the class' __dict__) and
        enum members themselves.
        """
        if _is_dunder(name):
            raise AttributeError(name)
        try:
            return cls._member_map_[name]
        except KeyError:
>           raise AttributeError(name) from None
E           AttributeError: DRAFT

C:\Python311\Lib\enum.py:783: AttributeError
_______________ test_negar_marcar_como_processado_estado_draft ________________

    def test_negar_marcar_como_processado_estado_draft():
        """N├úo ├® poss├¡vel marcar um relato como processado a partir de DRAFT."""
        actor = Actor(id="system", role=ActorRole.SYSTEM)
        command = MarkRelatoAsProcessed(relato_id="relato-456")
    
        decision = decide(
            command=command,
            actor=actor,
>           current_state=RelatoStatus.DRAFT,
                          ^^^^^^^^^^^^^^^^^^
        )

tests\domain\relato\test_invalid_transitions.py:138: 
_ _ _ _ _ _ _ _ _ _ _ _ _ _ _ _ _ _ _ _ _ _ _ _ _ _ _ _ _ _ _ _ _ _ _ _ _ _ _ _

cls = <enum 'RelatoStatus'>, name = 'DRAFT'

    def __getattr__(cls, name):
        """
        Return the enum member matching `name`
    
        We use __getattr__ instead of descriptors or inserting into the enum
        class' __dict__ in order to support `name` and `value` being both
        properties for enum members (which live in the class' __dict__) and
        enum members themselves.
        """
        if _is_dunder(name):
            raise AttributeError(name)
        try:
            return cls._member_map_[name]
        except KeyError:
>           raise AttributeError(name) from None
E           AttributeError: DRAFT

C:\Python311\Lib\enum.py:783: AttributeError
______________________ test_submeter_relato_estado_draft ______________________

    def test_submeter_relato_estado_draft():
        """Testa a submiss├úo de um relato a partir do estado DRAFT."""
        actor = Actor(id="user-123", role=ActorRole.USER)
        command = SubmitRelato(relato_id="relato-456")
    
>       decision = decide(command=command, actor=actor, current_state=RelatoStatus.DRAFT)
                                                                      ^^^^^^^^^^^^^^^^^^

tests\domain\relato\test_submit_relato.py:21: 
_ _ _ _ _ _ _ _ _ _ _ _ _ _ _ _ _ _ _ _ _ _ _ _ _ _ _ _ _ _ _ _ _ _ _ _ _ _ _ _

cls = <enum 'RelatoStatus'>, name = 'DRAFT'

    def __getattr__(cls, name):
        """
        Return the enum member matching `name`
    
        We use __getattr__ instead of descriptors or inserting into the enum
        class' __dict__ in order to support `name` and `value` being both
        properties for enum members (which live in the class' __dict__) and
        enum members themselves.
        """
        if _is_dunder(name):
            raise AttributeError(name)
        try:
            return cls._member_map_[name]
        except KeyError:
>           raise AttributeError(name) from None
E           AttributeError: DRAFT

C:\Python311\Lib\enum.py:783: AttributeError
___________________ test_ux_effect_public_contract_snapshot ___________________

    def test_ux_effect_public_contract_snapshot():
        """
        Este teste protege o CONTRATO P├ÜBLICO de UX Effects.
        Qualquer altera├º├úo aqui ├® BREAKING CHANGE.
        """
    
        effect = ProcessingStartedUXEffect.default(
            relato_id="relato_123"
        )
    
        payload = serialize_ux_effects([effect])
    
        # Garantia 1: serializ├ível em JSON puro
        json.dumps(payload)
    
        # Garantia 2: shape p├║blico est├ível
>       assert payload == {
            "ux_effects": [
                {
                    "type": "processing_started",
                    "severity": "info",
                    "channel": "banner",
                    "timing": "after_processing",
                    "message": "Seu relato est├í sendo processado. Isso pode levar alguns instantes.",
                }
            ]
        }
E       AssertionError: assert [] == {'ux_effects'...ssing', ...}]}
E         
E         Full diff:
E         + []
E         - {
E         -     'ux_effects': [
E         -         {
E         -             'channel': 'banner',...
E         
E         ...Full output truncated (8 lines hidden), use '-vv' to show

tests\domain\ux_effects\test_ux_effect_public_contract.py:24: AssertionError
---------------------------- Captured stdout call -----------------------------
{"timestamp": "2026-01-27 11:57:40,166", "level": "DEBUG", "logger": "app.services.ux_adapters", "message": "Ignoring non-UX domain effect: ProcessingStartedUXEffect"}
____________ test_multiple_ux_effects_preserve_order_and_contract _____________

    def test_multiple_ux_effects_preserve_order_and_contract():
        effects = [
            ProcessingStartedUXEffect.default(relato_id="relato_123"),
            RetryUXEffect.retrying(
                relato_id="relato_123",
                count=2,
            ),
        ]
    
        payload = serialize_ux_effects(effects)
    
        json.dumps(payload)
    
>       assert payload == {
            "ux_effects": [
                {
                    "type": "processing_started",
                    "severity": "info",
                    "channel": "banner",
                    "timing": "after_processing",
                    "message": "Seu relato est├í sendo processado. Isso pode levar alguns instantes.",
                },
                {
                    "type": "retrying",
                    "severity": "info",
                    "channel": "banner",
                    "timing": "immediate",
                    "message": "2 a├º├Áes est├úo sendo repetidas.",
                },
            ]
        }
E       AssertionError: assert [] == {'ux_effects'...diate', ...}]}
E         
E         Full diff:
E         + []
E         - {
E         -     'ux_effects': [
E         -         {
E         -             'channel': 'banner',...
E         
E         ...Full output truncated (15 lines hidden), use '-vv' to show

tests\domain\ux_effects\test_ux_effects_composition.py:22: AssertionError
---------------------------- Captured stdout call -----------------------------
{"timestamp": "2026-01-27 11:57:40,210", "level": "DEBUG", "logger": "app.services.ux_adapters", "message": "Ignoring non-UX domain effect: ProcessingStartedUXEffect"}
{"timestamp": "2026-01-27 11:57:40,210", "level": "DEBUG", "logger": "app.services.ux_adapters", "message": "Ignoring non-UX domain effect: RetryUXEffect"}
__________________ test_persist_relato_marks_first_step_done __________________

[...]

tests\test_pipeline_02_enriquecer_metadados.py:58: AssertionError
---------------------------- Captured stdout setup ----------------------------
{"timestamp": "2026-01-27 11:58:22,919", "level": "DEBUG", "logger": "asyncio", "message": "Using proactor: IocpProactor"}
---------------------------- Captured stdout call -----------------------------
{"timestamp": "2026-01-27 11:58:27,397", "level": "INFO", "logger": "app.pipeline.B_enriquecimento.enriquecer_metadados", "message": "Usando cliente LLM: <app.pipeline.llm_client.gemini_client.GeminiClient object at 0x0000023FAD235E10>"}
{"timestamp": "2026-01-27 11:58:27,402", "level": "INFO", "logger": "app.pipeline.B_enriquecimento.enriquecer_metadados", "message": "Enviando prompt para LLM..."}
{"timestamp": "2026-01-27 11:58:27,842", "level": "ERROR", "logger": "app.pipeline.B_enriquecimento.enriquecer_metadados", "message": "Erro ao processar relato: 404 models/gemini is not found for API version v1beta, or is not supported for generateContent. Call ListModels to see the list of available models and their supported methods."}
{"timestamp": "2026-01-27 11:58:27,842", "level": "DEBUG", "logger": "tests.test_pipeline_02_enriquecer_metadados", "message": "Relato enriquecido: {'id_relato': '5ab7a3b6132f409aacd90a3097ad4ceb', 'origem': {'plataforma': 'facebook', 'link': None, 'tipo': 'comentario', 'ano_postagem': None, 'grupo': 'Dermatite At├│pica Brasil', 'ctx_id': '1234567890'}, 'versao_pipeline': 'v0.0.1', 'data_modificacao': '2025-06-10T07:58:35.656562', 'conteudo_original': 'Queridos, tudo bom?\\nra os Cetaphil Lo├º├úo hidratante 473 ml ou Lipikar Lo├º├úo 400 ml) s├úo os meus preferidos. \\n\\nPrimeiro porque n├úo tem cheiro.\\nSegundoleve. ( detesto coisa pegajosa!)\\n\\nPara enriquecer a formula├º├úo, escolhi:\\n\\n 50 ml do Bepantol solu├º├úo, vitamina B5  ( quem disse que ele s├│ serve para os cabelos??)\\n50 ml de ├ôleo de semente de uva para diminuir a perda de ├ígua para o meio externo e repor antioxidantes para a pele ( rejuvenescedor)\\n40 ml ( 1 frasco) do Cicaplast para aumentar a regenera├º├úo e recompor a barreira cut├ónea.\\n\\nMisture tudo ( vocc├¬ vai ter aproximadamente 550 ml de hidratante ) e mantenha em um frasco pump profissional de 600 ml ou mais  que voc├¬ encontra em loja de sal├úo de beleza e aplique  na pele corporal do pesco├ºo aos p├®', 'tags_extraidas': [], 'conteudo_anonimizado': None, 'llm_processamento': {'inicio': '2026-01-27T14:58:22.937863', 'fim': '2026-01-27T14:58:27.842952', 'duracao_ms': 4905, 'tentativas': 1, 'erro': '404 models/gemini is not found for API version v1beta, or is not supported for generateContent. Call ListModels to see the list of available models and their supported methods.', 'modelo': 'gemini'}, 'status_llm': 'erro'}"}
------------------------------ Captured log call ------------------------------
2026-01-27 11:58:27 [INFO] Usando cliente LLM: <app.pipeline.llm_client.gemini_client.GeminiClient object at 0x0000023FAD235E10>
2026-01-27 11:58:27 [INFO] Enviando prompt para LLM...
2026-01-27 11:58:27 [ERROR] Erro ao processar relato: 404 models/gemini is not found for API version v1beta, or is not supported for generateContent. Call ListModels to see the list of available models and their supported methods.
________________________ test_integracao_fase_01_e_02 _________________________

    @pytest.mark.asyncio
    async def test_integracao_fase_01_e_02():
        from jsonschema import validate
    
        from app.pipeline.a_extracao_bruta.gerar_jsonl_bruto import \
            gerar_jsonl_bruto
        from app.pipeline.B_enriquecimento.enriquecer_metadados import \
            processar_relato
    
        schema_path = Path("./app/schema/relato_schema.json")
        assert schema_path.exists(), "Schema JSON n├úo encontrado."
        with open(schema_path, "r", encoding="utf-8") as f:
            schema = json.load(f)
    
        # === Etapa 1: Gerar JSONL bruto ===
        with tempfile.TemporaryDirectory() as tmpdir:
            txt_path = Path(tmpdir) / "teste_relato.txt"
            txt_path.write_text(
                "Tenho 35 anos e usei Cetaphil por 10 dias. Ajudou bastante nas coceiras."
            )
    
            output_jsonl = Path(tmpdir) / "saida.jsonl"
            await gerar_jsonl_bruto(
                {
                    "origem": "facebook",
                    "src_dir": tmpdir,
                    "ctx_id": "CTX1234567890",
                    "grupo": "Grupo de Teste",
                    "tipo": "comentario",
                },
                output_path=output_jsonl,
            )
    
            assert output_jsonl.exists(), "Arquivo JSONL bruto n├úo foi gerado."
    
            linhas = output_jsonl.read_text().splitlines()
            assert len(linhas) == 1, "Deveria conter um ├║nico relato gerado."
    
            relato_bruto = json.loads(linhas[0])
            assert isinstance(relato_bruto, dict)
    
            # === Etapa 2: Enriquecer relato ===
            enriquecido = processar_relato(relato_bruto)
            assert isinstance(enriquecido, dict)
    
            # === Checa campos esperados ap├│s enriquecimento ===
            for campo in [
                "idade",
                "genero",
                "classificacao_etaria",
                "llm_processamento",
                "status_llm",
            ]:
>               assert campo in enriquecido, f"Campo {campo} ausente ap├│s enriquecimento."
E               AssertionError: Campo idade ausente ap├│s enriquecimento.
E               assert 'idade' in {'conteudo_anonimizado': None, 'conteudo_original': 'Tenho 35 anos e usei Cetaphil por 10 dias. Ajudou bastante nas coceiras.', 'data_modificacao': '2026-01-27T11:58:28.019064', 'id_relato': '14092dda1b264f16864c6d930c8a2939', ...}

tests\test_pipeline_integracao_01_02.py:65: AssertionError
---------------------------- Captured stdout setup ----------------------------
{"timestamp": "2026-01-27 11:58:27,988", "level": "DEBUG", "logger": "asyncio", "message": "Using proactor: IocpProactor"}
---------------------------- Captured stdout call -----------------------------
{"timestamp": "2026-01-27 11:58:28,020", "level": "INFO", "logger": "app.pipeline.a_extracao_bruta.gerar_jsonl_bruto", "message": "Iniciando a gera├º├úo do JSONL bruto..."}
{"timestamp": "2026-01-27 11:58:28,021", "level": "INFO", "logger": "app.pipeline.a_extracao_bruta.gerar_jsonl_bruto", "message": "Par├ómetros de entrada: {'origem': 'facebook', 'src_dir': 'C:\\\\Users\\\\JEFFER~1\\\\AppData\\\\Local\\\\Temp\\\\tmpbv4u9b4c', 'ctx_id': 'CTX1234567890', 'grupo': 'Grupo de Teste', 'tipo': 'comentario'}, C:\\Users\\JEFFER~1\\AppData\\Local\\Temp\\tmpbv4u9b4c\\saida.jsonl"}
­ƒôé Lendo arquivos do diret├│rio: C:\Users\JEFFER~1\AppData\Local\Temp\tmpbv4u9b4c (facebook)
­ƒÆ¥ 1 registros salvos em C:\Users\JEFFER~1\AppData\Local\Temp\tmpbv4u9b4c\saida.jsonl
{"timestamp": "2026-01-27 11:58:28,027", "level": "INFO", "logger": "app.pipeline.B_enriquecimento.enriquecer_metadados", "message": "Usando cliente LLM: <app.pipeline.llm_client.gemini_client.GeminiClient object at 0x0000023FAE7639D0>"}
{"timestamp": "2026-01-27 11:58:28,027", "level": "INFO", "logger": "app.pipeline.B_enriquecimento.enriquecer_metadados", "message": "Enviando prompt para LLM..."}
{"timestamp": "2026-01-27 11:58:28,414", "level": "ERROR", "logger": "app.pipeline.B_enriquecimento.enriquecer_metadados", "message": "Erro ao processar relato: 404 models/gemini is not found for API version v1beta, or is not supported for generateContent. Call ListModels to see the list of available models and their supported methods."}
------------------------------ Captured log call ------------------------------
2026-01-27 11:58:28 [INFO] Iniciando a gera├º├úo do JSONL bruto...
2026-01-27 11:58:28 [INFO] Par├ómetros de entrada: {'origem': 'facebook', 'src_dir': 'C:\\Users\\JEFFER~1\\AppData\\Local\\Temp\\tmpbv4u9b4c', 'ctx_id': 'CTX1234567890', 'grupo': 'Grupo de Teste', 'tipo': 'comentario'}, C:\Users\JEFFER~1\AppData\Local\Temp\tmpbv4u9b4c\saida.jsonl
2026-01-27 11:58:28 [INFO] Usando cliente LLM: <app.pipeline.llm_client.gemini_client.GeminiClient object at 0x0000023FAE7639D0>
2026-01-27 11:58:28 [INFO] Enviando prompt para LLM...
2026-01-27 11:58:28 [ERROR] Erro ao processar relato: 404 models/gemini is not found for API version v1beta, or is not supported for generateContent. Call ListModels to see the list of available models and their supported methods.
________________ test_user_sees_coherent_story_from_ux_effects ________________

    def test_user_sees_coherent_story_from_ux_effects():
        relato_id = "123"
    
        effects = [
            ProcessingStartedUXEffect.default(relato_id=relato_id),
            RetryUXEffect.retrying(relato_id=relato_id, count=1),
            RetryUXEffect.retrying(relato_id=relato_id, count=2),
            RetryUXEffect.failed_final(relato_id=relato_id),
        ]
    
        serialized_effects = [e.serialize() for e in effects]
    
        ui_story = interpret_for_ui(serialized_effects)
    
>       assert ui_story == [
            "Recebemos seu relato",
            "Tentando novamente...",
            "Tentando novamente...",
            "N├úo foi poss├¡vel concluir agora",
        ]
E       AssertionError: assert ['Recebemos s...ncluir agora'] == ['Recebemos s...ncluir agora']
E         
E         At index 1 diff: 'N├úo foi poss├¡vel concluir agora' != 'Tentando novamente...'
E         Right contains 2 more items, first extra item: 'Tentando novamente...'
E         
E         Full diff:
E           [
E               'Recebemos seu relato',...
E         
E         ...Full output truncated (4 lines hidden), use '-vv' to show

tests\ux\test_cognitive_integration_flow.py:30: AssertionError
============================== warnings summary ===============================
tests\auth\test_auth_hardening.py:29
  d:\workspace_projects_001\dermasync-api\tests\auth\test_auth_hardening.py:29: PytestUnknownMarkWarning: Unknown pytest.mark.integration - is this a typo?  You can register custom marks to avoid this warning - for details, see https://docs.pytest.org/en/stable/how-to/mark.html
    @pytest.mark.integration

tests\auth\test_auth_hardening.py:56
  d:\workspace_projects_001\dermasync-api\tests\auth\test_auth_hardening.py:56: PytestUnknownMarkWarning: Unknown pytest.mark.integration - is this a typo?  You can register custom marks to avoid this warning - for details, see https://docs.pytest.org/en/stable/how-to/mark.html
    @pytest.mark.integration

tests\auth\test_auth_hardening.py:79
  d:\workspace_projects_001\dermasync-api\tests\auth\test_auth_hardening.py:79: PytestUnknownMarkWarning: Unknown pytest.mark.integration - is this a typo?  You can register custom marks to avoid this warning - for details, see https://docs.pytest.org/en/stable/how-to/mark.html
    @pytest.mark.integration

tests/auth/test_auth_hardening.py::test_auth_refresh_expired
  D:\workspace_projects_001\dermasync-api\venv\Lib\site-packages\passlib\handlers\argon2.py:716: DeprecationWarning: Accessing argon2.__version__ is deprecated and will be removed in a future release. Use importlib.metadata directly to query for argon2-cffi's packaging metadata.
    _argon2_cffi.__version__, max_version)

tests/integration/test_relato_progress_firestore.py::test_effect_result_repository_reads_from_firestore
tests/integration/test_relato_progress_firestore.py::test_progress_service_with_firestore_emulator
tests/routes/test_relatos_progress.py::test_get_relato_progress_forbidden
tests/routes/test_relatos_progress.py::test_get_relato_progress_empty
tests/routes/test_relatos_progress.py::test_get_relato_progress_partial_with_error
tests/routes/test_relatos_progress.py::test_get_relato_progress_complete
  D:\workspace_projects_001\dermasync-api\venv\Lib\site-packages\google\cloud\firestore_v1\base_collection.py:304: UserWarning: Detected filter using positional arguments. Prefer using the 'filter' keyword argument instead.
    return query.where(field_path, op_string, value)

-- Docs: https://docs.pytest.org/en/stable/how-to/capture-warnings.html
--------------------------------- JSON report ---------------------------------
report saved to: report.json
=============================== tests coverage ================================
_______________ coverage: platform win32, python 3.11.4-final-0 _______________

Coverage HTML written to dir htmlcov
=========================== short test summary info ===========================
FAILED tests/application/test_relato_progress_stabilization_service.py::test_job_persists_snapshot_when_progress_is_stable
FAILED tests/domain/effects/test_retry_ux_effects.py::test_retry_endpoint_returns_ux_effect
FAILED tests/domain/enrichment/test_enriched_metadata_v2_validator.py::test_valid_payload_passes_validation
FAILED tests/domain/enrichment/test_enriched_metadata_v2_validator.py::test_extra_field_fails
FAILED tests/domain/relato/test_create_relato.py::test_criar_relato_estado_inicial
FAILED tests/domain/relato/test_create_relato.py::test_negar_criacao_relato_existente
FAILED tests/domain/relato/test_create_relato.py::test_post_relatos_success_runs_domain_and_executes_effects
FAILED tests/domain/relato/test_create_relato.py::test_create_relato_emits_typed_effects
FAILED tests/domain/relato/test_create_relato.py::test_create_relato_initial_state_is_created
FAILED tests/domain/relato/test_create_relato_decision.py::test_create_relato_allowed_from_initial_state
FAILED tests/domain/relato/test_create_relato_decision.py::test_create_relato_denied_when_already_exists
FAILED tests/domain/relato/test_create_relato_decision.py::test_create_relato_denied_from_any_existing_state
FAILED tests/domain/relato/test_create_relato_decision.py::test_create_relato_effects_structure
FAILED tests/domain/relato/test_invalid_transitions.py::test_negar_aprovacao_estado_draft
FAILED tests/domain/relato/test_invalid_transitions.py::test_negar_rejeicao_estado_draft
FAILED tests/domain/relato/test_invalid_transitions.py::test_negar_marcar_como_processado_estado_draft
FAILED tests/domain/relato/test_submit_relato.py::test_submeter_relato_estado_draft
FAILED tests/domain/ux_effects/test_ux_effect_public_contract.py::test_ux_effect_public_contract_snapshot
FAILED tests/domain/ux_effects/test_ux_effects_composition.py::test_multiple_ux_effects_preserve_order_and_contract
FAILED tests/domain/ux_progress/test_ux_progress.py::test_persist_relato_marks_first_step_done
FAILED tests/domain/ux_progress/test_ux_progress.py::test_upload_images_becomes_active_when_effect_exists_but_not_completed
FAILED tests/domain/ux_progress/test_ux_progress.py::test_upload_images_has_more_weight_in_progress
FAILED tests/domain/ux_progress/test_ux_progress.py::test_error_in_any_step_sets_has_error
FAILED tests/domain/ux_progress/test_ux_progress.py::test_all_steps_done_marks_progress_complete
FAILED tests/integration/test_relato_progress_firestore.py::test_effect_result_repository_reads_from_firestore
FAILED tests/relato/test_relato_update_status_sync.py::test_update_status_success
FAILED tests/relato/test_relato_update_status_sync.py::test_update_status_relato_not_found
FAILED tests/relato/test_relato_update_status_sync.py::test_background_error_sets_status_error
FAILED tests/relato/test_relato_update_status_sync.py::test_relato_state_progression
FAILED tests/relato/test_relato_update_status_sync.py::test_invalid_status_transition_raises
FAILED tests/relato/test_relato_update_status_sync.py::test_error_is_terminal
FAILED tests/relato/test_relatos.py::test_get_relatos_com_autenticacao_permitida
FAILED tests/relato/test_relatos.py::test_get_relatos_com_autenticacao_negada
FAILED tests/relato/test_relatos_admin.py::test_get_relatos_com_admin - asser...
FAILED tests/relato/test_relatos_avancado.py::test_enviar_relato_falha_firestore_rollback
FAILED tests/relato/test_relatos_avancado.py::test_get_my_relatos - assert 40...
FAILED tests/relato/test_relatos_avancado.py::test_get_single_relato_as_owner
FAILED tests/relato/test_relatos_avancado.py::test_attach_image_to_relato - a...
FAILED tests/relato/test_relatos_avancado.py::test_get_moderation_pending - a...
FAILED tests/relato/test_relatos_avancado.py::test_update_relato_status - ass...
FAILED tests/relato/test_relatos_enviar.py::test_enviar_relato_sem_autenticacao
FAILED tests/relato/test_relatos_enviar.py::test_enviar_relato_com_autenticacao
FAILED tests/routes/test_relatos_multipart.py::test_post_relatos_with_real_multipart_upload
FAILED tests/routes/test_relatos_multipart.py::test_upload_failure_triggers_rollback
FAILED tests/routes/test_relatos_post.py::test_post_relatos_success - Attribu...
FAILED tests/routes/test_relatos_post.py::test_post_relatos_denied_by_domain
FAILED tests/routes/test_relatos_post.py::test_post_relatos_missing_consentimento
FAILED tests/routes/test_relatos_post.py::test_post_relatos_no_consentimento_field
FAILED tests/routes/test_relatos_post.py::test_post_relatos_executor_not_called_when_denied
FAILED tests/routes/test_relatos_progress.py::test_get_relato_progress_forbidden
FAILED tests/routes/test_relatos_progress.py::test_get_relato_progress_empty
FAILED tests/routes/test_relatos_progress.py::test_get_relato_progress_partial_with_error
FAILED tests/routes/test_relatos_progress.py::test_get_relato_progress_complete
FAILED tests/services/effects/test_retry_effect.py::test_retry_effect_success
FAILED tests/services/effects/test_retry_effect_unsupported.py::test_retry_effect_unsupported_type_raises
FAILED tests/services/effects/test_retry_executor.py::test_retry_persist_relato
FAILED tests/services/effects/test_retry_executor.py::test_retry_emit_event
FAILED tests/services/effects/test_retry_executor.py::test_retry_upload_images_success
FAILED tests/services/readmodels/test_relato_progress_ui.py::test_progress_ui_empty
FAILED tests/services/readmodels/test_relato_progress_ui.py::test_progress_ui_partial_with_error
FAILED tests/services/readmodels/test_relato_progress_ui.py::test_progress_ui_in_progress
FAILED tests/services/readmodels/test_relato_progress_ui.py::test_progress_ui_completed
FAILED tests/services/test_executor_idempotency.py::test_executor_skips_effect_if_already_succeeded
FAILED tests/services/test_ux_effects.py::test_ux_effect_contract_shape - Ind...
FAILED tests/services/test_ux_effects.py::test_processing_started_ux_effect_contract
FAILED tests/test_imagens_avancado.py::test_get_imagem_signed_url - assert 40...
FAILED tests/test_pipeline_02_enriquecer_metadados.py::test_enriquecer_metadados_formato_valido
FAILED tests/test_pipeline_integracao_01_02.py::test_integracao_fase_01_e_02
FAILED tests/ux/test_cognitive_integration_flow.py::test_user_sees_coherent_story_from_ux_effects
=========== 69 failed, 106 passed, 10 warnings in 72.61s (0:01:12) ============
­ƒº╣ Limpando relat├│rios anteriores...
Ô£à Rodando Pytest com cobertura e relat├│rio JSON...


­ƒôè Resumo dos testes:
   Ô£à Passaram: 106
   ÔØî Falharam: 69
   ­ƒº¬ Total:     175

­ƒÜ¿ Alguns testes falharam. Verifique detalhes no report.json e logs_testes.jsonl

­ƒôé Abrindo relat├│rio de cobertura: D:\workspace_projects_001\dermasync-api\htmlcov\index.html

ÔØî Execu├º├úo finalizada com falhas.
